15:09:12: CHANNEL,STATE,VOLTAGE,CURRENT
15:09:12: 1,1,1.61,924.00
15:09:12: 2,1,1.55,952.00
15:09:12: 3,1,1.50,352.00
15:09:12: 4,1,1.37,356.00
15:09:12: 5,1,1.61,756.00
15:09:12: 6,1,1.61,756.00
15:09:12: 7,1,1.61,924.00
15:09:12: 8,1,1.61,924.00
15:09:12: 9,1,1.40,512.00
15:09:12: 10,1,1.61,476.00
15:09:12: 11,1,1.53,612.00
15:09:12: 12,1,1.40,580.00
15:09:12: 13,1,1.53,364.00
15:09:12: 14,1,1.40,364.00
15:09:12: 15,1,1.61,416.00
15:09:12: 16,1,1.51,388.00
15:09:12: 

15:09:12: CHANNEL,STATE,VOLTAGE,CURRENT
15:09:12: 1,1,1.60,952.00
15:09:12: 2,1,1.61,968.00
15:09:12: 3,1,1.50,324.00
15:09:12: 4,1,1.55,352.00
15:09:12: 5,1,1.61,732.00
15:09:12: 6,1,1.36,756.00
15:09:12: 7,1,1.55,924.00
15:09:12: 8,1,1.50,924.00
15:09:12: 9,1,1.61,492.00
15:09:12: 10,1,1.40,492.00
15:09:12: 11,1,1.37,580.00
15:09:12: 12,1,1.61,580.00
15:09:12: 13,1,1.61,356.00
15:09:12: 14,1,1.40,372.00
15:09:12: 15,1,1.35,388.00
15:09:12: 16,1,1.55,420.00
15:09:12: 

15:09:13: CHANNEL,STATE,VOLTAGE,CURRENT
15:09:13: 1,1,1.37,976.00
15:09:13: 2,1,1.61,968.00
15:09:13: 3,1,1.61,356.00
15:09:13: 4,1,1.40,364.00
15:09:13: 5,1,1.32,700.00
15:09:13: 6,1,1.40,788.00
15:09:13: 7,1,1.55,892.00
15:09:13: 8,1,1.61,956.00
15:09:13: 9,1,1.37,464.00
15:09:13: 10,1,1.40,532.00
15:09:13: 11,1,1.61,568.00
15:09:13: 12,1,1.61,656.00
15:09:13: 13,1,1.51,356.00
15:09:13: 14,1,1.61,388.00
15:09:13: 15,1,1.37,388.00
15:09:13: 16,1,1.61,420.00
15:09:13: 

15:09:13: CHANNEL,STATE,VOLTAGE,CURRENT
15:09:13: 1,1,1.61,924.00
15:09:13: 2,1,1.61,952.00
15:09:13: 3,1,1.53,324.00
15:09:13: 4,1,1.61,356.00
15:09:13: 5,1,1.61,700.00
15:09:13: 6,1,1.61,788.00
15:09:13: 7,1,1.61,888.00
15:09:13: 8,1,1.61,980.00
15:09:13: 9,1,1.61,444.00
15:09:13: 10,1,1.61,556.00
15:09:13: 11,1,1.61,532.00
15:09:13: 12,1,1.50,664.00
15:09:13: 13,1,1.40,364.00
15:09:13: 14,1,1.40,372.00
15:09:13: 15,1,1.61,388.00
15:09:13: 16,1,1.40,388.00
15:09:13: 

15:09:14: CHANNEL,STATE,VOLTAGE,CURRENT
15:09:14: 1,1,1.40,864.00
15:09:14: 2,1,1.55,956.00
15:09:14: 3,1,1.61,372.00
15:09:14: 4,1,1.50,324.00
15:09:14: 5,1,1.40,700.00
15:09:14: 6,1,1.61,788.00
15:09:14: 7,1,1.61,892.00
15:09:14: 8,1,1.37,956.00
15:09:14: 9,1,1.61,476.00
15:09:14: 10,1,1.37,524.00
15:09:14: 11,1,1.53,580.00
15:09:14: 12,1,1.60,612.00
15:09:14: 13,1,1.40,372.00
15:09:14: 14,1,1.50,356.00
15:09:14: 15,1,1.61,420.00
15:09:14: 16,1,1.50,388.00
15:09:14: 

15:09:14: CHANNEL,STATE,VOLTAGE,CURRENT
15:09:14: 1,1,1.40,924.00
15:09:14: 2,1,1.45,968.00
15:09:14: 3,1,1.61,360.00
15:09:14: 4,1,1.37,324.00
15:09:14: 5,1,1.61,732.00
15:09:14: 6,1,1.51,756.00
15:09:14: 7,1,1.61,924.00
15:09:14: 8,1,1.61,924.00
15:09:14: 9,1,1.61,512.00
15:09:14: 10,1,1.51,492.00
15:09:14: 11,1,1.61,612.00
15:09:14: 12,1,1.37,580.00
15:09:14: 13,1,1.40,372.00
15:09:14: 14,1,1.61,364.00
15:09:14: 15,1,1.55,420.00
15:09:14: 16,1,1.61,388.00
15:09:14: 

15:09:15: CHANNEL,STATE,VOLTAGE,CURRENT
15:09:15: 1,1,1.40,996.00
15:09:15: 2,1,1.61,952.00
15:09:15: 3,1,1.61,356.00
15:09:15: 4,1,1.60,356.00
15:09:15: 5,1,1.40,756.00
15:09:15: 6,1,1.55,732.00
15:09:15: 7,1,1.40,948.00
15:09:15: 8,1,1.45,924.00
15:09:15: 9,1,1.40,524.00
15:09:15: 10,1,1.61,476.00
15:09:15: 11,1,1.61,612.00
15:09:15: 12,1,1.61,580.00
15:09:15: 13,1,1.61,364.00
15:09:15: 14,1,1.61,364.00
15:09:15: 15,1,1.37,388.00
15:09:15: 16,1,1.61,388.00
15:09:15: 

15:09:15: CHANNEL,STATE,VOLTAGE,CURRENT
15:09:15: 1,1,1.37,968.00
15:09:15: 2,1,1.40,980.00
15:09:15: 3,1,1.37,324.00
15:09:15: 4,1,1.61,356.00
15:09:15: 5,1,1.60,732.00
15:09:15: 6,1,1.61,776.00
15:09:15: 7,1,1.47,920.00
15:09:15: 8,1,1.55,924.00
15:09:15: 9,1,1.37,476.00
15:09:15: 10,1,1.40,524.00
15:09:15: 11,1,1.40,580.00
15:09:15: 12,1,1.61,612.00
15:09:15: 13,1,1.50,356.00
15:09:15: 14,1,1.61,388.00
15:09:15: 15,1,1.55,388.00
15:09:15: 16,1,1.40,408.00
15:09:15: 

15:09:16: CHANNEL,STATE,VOLTAGE,CURRENT
15:09:16: 1,1,1.51,956.00
15:09:16: 2,1,1.50,860.00
15:09:16: 3,1,1.60,356.00
15:09:16: 4,1,1.51,356.00
15:09:16: 5,1,1.32,700.00
15:09:16: 6,1,1.61,804.00
15:09:16: 7,1,1.50,880.00
15:09:16: 8,1,1.61,976.00
15:09:16: 9,1,1.50,444.00
15:09:16: 10,1,1.55,556.00
15:09:16: 11,1,1.61,548.00
15:09:16: 12,1,1.40,656.00
15:09:16: 13,1,1.37,356.00
15:09:16: 14,1,1.55,372.00
15:09:16: 15,1,1.61,388.00
15:09:16: 16,1,1.40,416.00
15:09:16: 

15:09:16: CHANNEL,STATE,VOLTAGE,CURRENT
15:09:16: 1,1,1.55,968.00
15:09:16: 2,1,1.61,920.00
15:09:16: 3,1,1.61,356.00
15:09:16: 4,1,1.61,356.00
15:09:16: 5,1,1.40,700.00
15:09:16: 6,1,1.61,788.00
15:09:16: 7,1,1.40,888.00
15:09:16: 8,1,1.40,980.00
15:09:16: 9,1,1.55,464.00
15:09:16: 10,1,1.61,548.00
15:09:16: 11,1,1.61,548.00
15:09:16: 12,1,1.37,644.00
15:09:16: 13,1,1.40,372.00
15:09:16: 14,1,1.61,364.00
15:09:16: 15,1,1.61,388.00
15:09:16: 16,1,1.61,388.00
15:09:16: 

15:09:16: CHANNEL,STATE,VOLTAGE,CURRENT
15:09:16: 1,1,1.61,924.00
15:09:16: 2,1,1.37,924.00
15:09:16: 3,1,1.61,356.00
15:09:16: 4,1,1.37,324.00
15:09:16: 5,1,1.40,732.00
15:09:16: 6,1,1.61,784.00
15:09:16: 7,1,1.40,892.00
15:09:16: 8,1,1.55,924.00
15:09:16: 9,1,1.51,476.00
15:09:16: 10,1,1.61,512.00
15:09:16: 11,1,1.61,580.00
15:09:16: 12,1,1.61,612.00
15:09:16: 13,1,1.61,388.00
15:09:16: 14,1,1.61,356.00
15:09:16: 15,1,1.61,420.00
15:09:16: 16,1,1.55,388.00
15:09:16: 

15:09:17: CHANNEL,STATE,VOLTAGE,CURRENT
15:09:17: 1,1,1.61,844.00
15:09:17: 2,1,1.60,952.00
15:09:17: 3,1,1.40,360.00
15:09:17: 4,1,1.60,356.00
15:09:17: 5,1,1.61,756.00
15:09:17: 6,1,1.40,732.00
15:09:17: 7,1,1.61,924.00
15:09:17: 8,1,1.61,924.00
15:09:17: 9,1,1.61,524.00
15:09:17: 10,1,1.61,476.00
15:09:17: 11,1,1.45,612.00
15:09:17: 12,1,1.61,580.00
15:09:17: 13,1,1.40,372.00
15:09:17: 14,1,1.50,356.00
15:09:17: 15,1,1.55,416.00
15:09:17: 16,1,1.61,372.00
15:09:17: 

15:09:17: CHANNEL,STATE,VOLTAGE,CURRENT
15:09:17: 1,1,1.37,980.00
15:09:17: 2,1,1.61,968.00
15:09:17: 3,1,1.60,356.00
15:09:17: 4,1,1.40,356.00
15:09:17: 5,1,1.61,756.00
15:09:17: 6,1,1.61,756.00
15:09:17: 7,1,1.40,924.00
15:09:17: 8,1,1.53,924.00
15:09:17: 9,1,1.61,492.00
15:09:17: 10,1,1.40,492.00
15:09:17: 11,1,1.60,612.00
15:09:17: 12,1,1.61,580.00
15:09:17: 13,1,1.60,356.00
15:09:17: 14,1,1.47,364.00
15:09:17: 15,1,1.47,388.00
15:09:17: 16,1,1.61,388.00
15:09:17: 

15:09:18: CHANNEL,STATE,VOLTAGE,CURRENT
15:09:18: 1,1,1.37,968.00
15:09:18: 2,1,1.61,968.00
15:09:18: 3,1,1.47,324.00
15:09:18: 4,1,1.61,356.00
15:09:18: 5,1,1.51,700.00
15:09:18: 6,1,1.61,788.00
15:09:18: 7,1,1.50,892.00
15:09:18: 8,1,1.55,948.00
15:09:18: 9,1,1.61,472.00
15:09:18: 10,1,1.61,532.00
15:09:18: 11,1,1.37,552.00
15:09:18: 12,1,1.61,640.00
15:09:18: 13,1,1.45,356.00
15:09:18: 14,1,1.61,388.00
15:09:18: 15,1,1.55,388.00
15:09:18: 16,1,1.61,420.00
15:09:18: 

15:09:18: CHANNEL,STATE,VOLTAGE,CURRENT
15:09:18: 1,1,1.40,980.00
15:09:18: 2,1,1.65,968.00
15:09:18: 3,1,1.61,356.00
15:09:18: 4,1,1.61,356.00
15:09:18: 5,1,1.40,700.00
15:09:18: 6,1,1.53,788.00
15:09:18: 7,1,1.37,892.00
15:09:18: 8,1,1.61,980.00
15:09:18: 9,1,1.37,444.00
15:09:18: 10,1,1.61,556.00
15:09:18: 11,1,1.55,532.00
15:09:18: 12,1,1.40,668.00
15:09:18: 13,1,1.61,364.00
15:09:18: 14,1,1.61,372.00
15:09:18: 15,1,1.61,388.00
15:09:18: 16,1,1.61,388.00
15:09:18: 

15:09:19: CHANNEL,STATE,VOLTAGE,CURRENT
15:09:19: 1,1,1.61,924.00
15:09:19: 2,1,1.60,948.00
15:09:19: 3,1,1.61,356.00
15:09:19: 4,1,1.40,352.00
15:09:19: 5,1,1.40,700.00
15:09:19: 6,1,1.40,788.00
15:09:19: 7,1,1.61,892.00
15:09:19: 8,1,1.61,956.00
15:09:19: 9,1,1.55,472.00
15:09:19: 10,1,1.61,548.00
15:09:19: 11,1,1.50,556.00
15:09:19: 12,1,1.45,636.00
15:09:19: 13,1,1.40,372.00
15:09:19: 14,1,1.60,364.00
15:09:19: 15,1,1.53,420.00
15:09:19: 16,1,1.61,388.00
15:09:19: 

15:09:19: CHANNEL,STATE,VOLTAGE,CURRENT
15:09:19: 1,1,1.55,924.00
15:09:19: 2,1,1.60,892.00
15:09:19: 3,1,1.61,356.00
15:09:19: 4,1,1.37,324.00
15:09:19: 5,1,1.61,732.00
15:09:19: 6,1,1.53,756.00
15:09:19: 7,1,1.55,924.00
15:09:19: 8,1,1.61,924.00
15:09:19: 9,1,1.61,512.00
15:09:19: 10,1,1.61,492.00
15:09:19: 11,1,1.61,612.00
15:09:19: 12,1,1.61,580.00
15:09:19: 13,1,1.61,372.00
15:09:19: 14,1,1.55,356.00
15:09:19: 15,1,1.61,420.00
15:09:19: 16,1,1.37,388.00
15:09:19: 

15:09:20: CHANNEL,STATE,VOLTAGE,CURRENT
15:09:20: 1,1,1.61,844.00
15:09:20: 2,1,1.61,956.00
15:09:20: 3,1,1.61,356.00
15:09:20: 4,1,1.37,356.00
15:09:20: 5,1,1.61,756.00
15:09:20: 6,1,1.37,732.00
15:09:20: 7,1,1.61,924.00
15:09:20: 8,1,1.61,912.00
15:09:20: 9,1,1.61,512.00
15:09:20: 10,1,1.61,476.00
15:09:20: 11,1,1.61,612.00
15:09:20: 12,1,1.61,576.00
15:09:20: 13,1,1.61,364.00
15:09:20: 14,1,1.40,364.00
15:09:20: 15,1,1.61,420.00
15:09:20: 16,1,1.40,388.00
15:09:20: 

15:09:20: CHANNEL,STATE,VOLTAGE,CURRENT
15:09:20: 1,1,1.61,844.00
15:09:20: 2,1,1.61,976.00
15:09:20: 3,1,1.40,324.00
15:09:20: 4,1,1.61,356.00
15:09:20: 5,1,1.37,732.00
15:09:20: 6,1,1.40,756.00
15:09:20: 7,1,1.40,912.00
15:09:20: 8,1,1.61,924.00
15:09:20: 9,1,1.61,476.00
15:09:20: 10,1,1.43,492.00
15:09:20: 11,1,1.60,580.00
15:09:20: 12,1,1.61,612.00
15:09:20: 13,1,1.60,356.00
15:09:20: 14,1,1.61,372.00
15:09:20: 15,1,1.60,388.00
15:09:20: 16,1,1.61,420.00
15:09:20: 

15:09:20: CHANNEL,STATE,VOLTAGE,CURRENT
15:09:20: 1,1,1.40,976.00
15:09:20: 2,1,1.61,968.00
15:09:20: 3,1,1.50,324.00
15:09:20: 4,1,1.53,352.00
15:09:20: 5,1,1.50,700.00
15:09:20: 6,1,1.61,788.00
15:09:20: 7,1,1.60,892.00
15:09:20: 8,1,1.61,976.00
15:09:20: 9,1,1.55,444.00
15:09:20: 10,1,1.40,548.00
15:09:20: 11,1,1.55,552.00
15:09:20: 12,1,1.50,636.00
15:09:20: 13,1,1.60,356.00
15:09:20: 14,1,1.61,372.00
15:09:20: 15,1,1.61,384.00
15:09:20: 16,1,1.40,420.00
15:09:20: 

15:09:21: CHANNEL,STATE,VOLTAGE,CURRENT
15:09:21: 1,1,1.47,976.00
15:09:21: 2,1,1.40,892.00
15:09:21: 3,1,1.40,352.00
15:09:21: 4,1,1.61,356.00
15:09:21: 5,1,1.53,696.00
15:09:21: 6,1,1.45,804.00
15:09:21: 7,1,1.40,892.00
15:09:21: 8,1,1.61,980.00
15:09:21: 9,1,1.50,444.00
15:09:21: 10,1,1.61,548.00
15:09:21: 11,1,1.61,532.00
15:09:21: 12,1,1.61,664.00
15:09:21: 13,1,1.61,364.00
15:09:21: 14,1,1.61,364.00
15:09:21: 15,1,1.61,388.00
15:09:21: 16,1,1.40,408.00
15:09:21: 

15:09:21: CHANNEL,STATE,VOLTAGE,CURRENT
15:09:21: 1,1,1.55,924.00
15:09:21: 2,1,1.61,948.00
15:09:21: 3,1,1.61,356.00
15:09:21: 4,1,1.60,352.00
15:09:21: 5,1,1.40,720.00
15:09:21: 6,1,1.55,776.00
15:09:21: 7,1,1.61,892.00
15:09:21: 8,1,1.37,948.00
15:09:21: 9,1,1.61,476.00
15:09:21: 10,1,1.60,520.00
15:09:21: 11,1,1.61,580.00
15:09:21: 12,1,1.40,612.00
15:09:21: 13,1,1.61,388.00
15:09:21: 14,1,1.37,364.00
15:09:21: 15,1,1.47,420.00
15:09:21: 16,1,1.37,372.00
15:09:21: 

15:09:22: CHANNEL,STATE,VOLTAGE,CURRENT
15:09:22: 1,1,1.40,892.00
15:09:22: 2,1,1.37,892.00
15:09:22: 3,1,1.40,324.00
15:09:22: 4,1,1.37,324.00
15:09:22: 5,1,1.61,756.00
15:09:22: 6,1,1.61,732.00
15:09:22: 7,1,1.55,924.00
15:09:22: 8,1,1.37,920.00
15:09:22: 9,1,1.53,512.00
15:09:22: 10,1,1.60,476.00
15:09:22: 11,1,1.61,612.00
15:09:22: 12,1,1.45,580.00
15:09:22: 13,1,1.37,372.00
15:09:22: 14,1,1.61,356.00
15:09:22: 15,1,1.61,420.00
15:09:22: 16,1,1.61,388.00
15:09:22: 

15:09:22: CHANNEL,STATE,VOLTAGE,CURRENT
15:09:22: 1,1,1.61,836.00
15:09:22: 2,1,1.61,956.00
15:09:22: 3,1,1.61,356.00
15:09:22: 4,1,1.40,356.00
15:09:22: 5,1,1.61,756.00
15:09:22: 6,1,1.61,756.00
15:09:22: 7,1,1.61,924.00
15:09:22: 8,1,1.61,920.00
15:09:22: 9,1,1.55,492.00
15:09:22: 10,1,1.61,476.00
15:09:22: 11,1,1.61,612.00
15:09:22: 12,1,1.55,580.00
15:09:22: 13,1,1.40,364.00
15:09:22: 14,1,1.61,372.00
15:09:22: 15,1,1.60,388.00
15:09:22: 16,1,1.61,416.00
15:09:22: 

15:09:23: CHANNEL,STATE,VOLTAGE,CURRENT
15:09:23: 1,1,1.60,892.00
15:09:23: 2,1,1.55,968.00
15:09:23: 3,1,1.53,356.00
15:09:23: 4,1,1.61,356.00
15:09:23: 5,1,1.37,732.00
15:09:23: 6,1,1.40,776.00
15:09:23: 7,1,1.60,892.00
15:09:23: 8,1,1.61,952.00
15:09:23: 9,1,1.61,464.00
15:09:23: 10,1,1.61,520.00
15:09:23: 11,1,1.60,556.00
15:09:23: 12,1,1.61,636.00
15:09:23: 13,1,1.60,356.00
15:09:23: 14,1,1.61,388.00
15:09:23: 15,1,1.60,388.00
15:09:23: 16,1,1.55,420.00
15:09:23: 

15:09:23: CHANNEL,STATE,VOLTAGE,CURRENT
15:09:23: 1,1,1.61,844.00
15:09:23: 2,1,1.61,968.00
15:09:23: 3,1,1.53,356.00
15:09:23: 4,1,1.47,324.00
15:09:23: 5,1,1.61,700.00
15:09:23: 6,1,1.55,788.00
15:09:23: 7,1,1.45,888.00
15:09:23: 8,1,1.61,980.00
15:09:23: 9,1,1.55,448.00
15:09:23: 10,1,1.50,548.00
15:09:23: 11,1,1.61,532.00
15:09:23: 12,1,1.50,668.00
15:09:23: 13,1,1.61,356.00
15:09:23: 14,1,1.61,372.00
15:09:23: 15,1,1.53,372.00
15:09:23: 16,1,1.61,420.00
15:09:23: 

15:09:24: CHANNEL,STATE,VOLTAGE,CURRENT
15:09:24: 1,1,1.40,864.00
15:09:24: 2,1,1.61,948.00
15:09:24: 3,1,1.50,324.00
15:09:24: 4,1,1.40,324.00
15:09:24: 5,1,1.40,700.00
15:09:24: 6,1,1.61,788.00
15:09:24: 7,1,1.61,892.00
15:09:24: 8,1,1.60,976.00
15:09:24: 9,1,1.61,464.00
15:09:24: 10,1,1.60,532.00
15:09:24: 11,1,1.61,576.00
15:09:24: 12,1,1.60,644.00
15:09:24: 13,1,1.61,364.00
15:09:24: 14,1,1.55,356.00
15:09:24: 15,1,1.61,388.00
15:09:24: 16,1,1.61,388.00
15:09:24: 

15:09:24: CHANNEL,STATE,VOLTAGE,CURRENT
15:09:24: 1,1,1.40,980.00
15:09:24: 2,1,1.37,892.00
15:09:24: 3,1,1.61,356.00
15:09:24: 4,1,1.50,324.00
15:09:24: 5,1,1.36,732.00
15:09:24: 6,1,1.60,760.00
15:09:24: 7,1,1.55,892.00
15:09:24: 8,1,1.60,924.00
15:09:24: 9,1,1.40,492.00
15:09:24: 10,1,1.32,492.00
15:09:24: 11,1,1.37,580.00
15:09:24: 12,1,1.55,580.00
15:09:24: 13,1,1.55,372.00
15:09:24: 14,1,1.37,356.00
15:09:24: 15,1,1.40,420.00
15:09:24: 16,1,1.60,388.00
15:09:24: 

15:09:24: CHANNEL,STATE,VOLTAGE,CURRENT
15:09:24: 1,1,1.61,968.00
15:09:24: 2,1,1.40,976.00
15:09:24: 3,1,1.61,356.00
15:09:24: 4,1,1.37,324.00
15:09:24: 5,1,1.61,756.00
15:09:24: 6,1,1.61,732.00
15:09:24: 7,1,1.61,924.00
15:09:24: 8,1,1.40,924.00
15:09:24: 9,1,1.51,520.00
15:09:24: 10,1,1.53,476.00
15:09:24: 11,1,1.61,612.00
15:09:24: 12,1,1.37,576.00
15:09:24: 13,1,1.40,372.00
15:09:24: 14,1,1.60,356.00
15:09:24: 15,1,1.40,388.00
15:09:24: 16,1,1.40,408.00
15:09:24: 

15:09:25: CHANNEL,STATE,VOLTAGE,CURRENT
15:09:25: 1,1,1.51,968.00
15:09:25: 2,1,1.61,968.00
15:09:25: 3,1,1.60,356.00
15:09:25: 4,1,1.61,356.00
15:09:25: 5,1,1.61,732.00
15:09:25: 6,1,1.61,760.00
15:09:25: 7,1,1.50,920.00
15:09:25: 8,1,1.61,924.00
15:09:25: 9,1,1.61,476.00
15:09:25: 10,1,1.40,492.00
15:09:25: 11,1,1.37,580.00
15:09:25: 12,1,1.61,608.00
15:09:25: 13,1,1.53,356.00
15:09:25: 14,1,1.53,372.00
15:09:25: 15,1,1.37,388.00
15:09:25: 16,1,1.53,388.00
15:09:25: 

15:09:25: CHANNEL,STATE,VOLTAGE,CURRENT
15:09:25: 1,1,1.37,968.00
15:09:25: 2,1,1.51,980.00
15:09:25: 3,1,1.53,324.00
15:09:25: 4,1,1.40,352.00
15:09:25: 5,1,1.55,700.00
15:09:25: 6,1,1.40,788.00
15:09:25: 7,1,1.55,892.00
15:09:25: 8,1,1.55,968.00
15:09:25: 9,1,1.37,444.00
15:09:25: 10,1,1.61,532.00
15:09:25: 11,1,1.51,548.00
15:09:25: 12,1,1.55,640.00
15:09:25: 13,1,1.61,356.00
15:09:25: 14,1,1.40,372.00
15:09:25: 15,1,1.37,372.00
15:09:25: 16,1,1.61,420.00
15:09:25: 

15:09:26: CHANNEL,STATE,VOLTAGE,CURRENT
15:09:26: 1,1,1.40,980.00
15:09:26: 2,1,1.55,968.00
15:09:26: 3,1,1.61,324.00
15:09:26: 4,1,1.53,324.00
15:09:26: 5,1,1.61,700.00
15:09:26: 6,1,1.40,804.00
15:09:26: 7,1,1.61,880.00
15:09:26: 8,1,1.40,980.00
15:09:26: 9,1,1.60,444.00
15:09:26: 10,1,1.61,548.00
15:09:26: 11,1,1.37,532.00
15:09:26: 12,1,1.61,656.00
15:09:26: 13,1,1.55,352.00
15:09:26: 14,1,1.61,364.00
15:09:26: 15,1,1.55,388.00
15:09:26: 16,1,1.55,416.00
15:09:26: 

15:09:26: CHANNEL,STATE,VOLTAGE,CURRENT
15:09:26: 1,1,1.61,892.00
15:09:26: 2,1,1.50,860.00
15:09:26: 3,1,1.61,356.00
15:09:26: 4,1,1.61,324.00
15:09:26: 5,1,1.61,720.00
15:09:26: 6,1,1.55,784.00
15:09:26: 7,1,1.61,892.00
15:09:26: 8,1,1.61,948.00
15:09:26: 9,1,1.40,476.00
15:09:26: 10,1,1.37,492.00
15:09:26: 11,1,1.61,580.00
15:09:26: 12,1,1.60,612.00
15:09:26: 13,1,1.61,364.00
15:09:26: 14,1,1.40,356.00
15:09:26: 15,1,1.40,388.00
15:09:26: 16,1,1.61,388.00
15:09:26: 

15:09:27: CHANNEL,STATE,VOLTAGE,CURRENT
15:09:27: 1,1,1.55,976.00
15:09:27: 2,1,1.37,892.00
15:09:27: 3,1,1.61,356.00
15:09:27: 4,1,1.61,356.00
15:09:27: 5,1,1.61,732.00
15:09:27: 6,1,1.55,732.00
15:09:27: 7,1,1.61,924.00
15:09:27: 8,1,1.40,920.00
15:09:27: 9,1,1.51,492.00
15:09:27: 10,1,1.60,476.00
15:09:27: 11,1,1.40,612.00
15:09:27: 12,1,1.40,580.00
15:09:27: 13,1,1.61,372.00
15:09:27: 14,1,1.61,356.00
15:09:27: 15,1,1.61,388.00
15:09:27: 16,1,1.61,388.00
15:09:27: 

15:09:27: CHANNEL,STATE,VOLTAGE,CURRENT
15:09:27: 1,1,1.55,968.00
15:09:27: 2,1,1.40,924.00
15:09:27: 3,1,1.40,356.00
15:09:27: 4,1,1.61,324.00
15:09:27: 5,1,1.61,732.00
15:09:27: 6,1,1.61,732.00
15:09:27: 7,1,1.40,924.00
15:09:27: 8,1,1.61,892.00
15:09:27: 9,1,1.55,492.00
15:09:27: 10,1,1.61,476.00
15:09:27: 11,1,1.61,612.00
15:09:27: 12,1,1.61,580.00
15:09:27: 13,1,1.61,356.00
15:09:27: 14,1,1.61,356.00
15:09:27: 15,1,1.61,420.00
15:09:27: 16,1,1.61,388.00
15:09:27: 

15:09:27: CHANNEL,STATE,VOLTAGE,CURRENT
15:09:27: 1,1,1.55,924.00
15:09:27: 2,1,1.61,968.00
15:09:27: 3,1,1.50,324.00
15:09:27: 4,1,1.61,356.00
15:09:27: 5,1,1.60,732.00
15:09:28: 6,1,1.55,776.00
15:09:28: 7,1,1.50,892.00
15:09:28: 8,1,1.40,924.00
15:09:28: 9,1,1.37,472.00
15:09:28: 10,1,1.40,520.00
15:09:28: 11,1,1.45,580.00
15:09:28: 12,1,1.61,612.00
15:09:28: 13,1,1.53,356.00
15:09:28: 14,1,1.40,372.00
15:09:28: 15,1,1.61,388.00
15:09:28: 16,1,1.61,420.00
15:09:28: 

15:09:28: CHANNEL,STATE,VOLTAGE,CURRENT
15:09:28: 1,1,1.61,844.00
15:09:28: 2,1,1.61,968.00
15:09:28: 3,1,1.50,324.00
15:09:28: 4,1,1.61,364.00
15:09:28: 5,1,1.33,700.00
15:09:28: 6,1,1.55,788.00
15:09:28: 7,1,1.50,888.00
15:09:28: 8,1,1.61,980.00
15:09:28: 9,1,1.60,420.00
15:09:28: 10,1,1.61,548.00
15:09:28: 11,1,1.60,548.00
15:09:28: 12,1,1.40,656.00
15:09:28: 13,1,1.60,356.00
15:09:28: 14,1,1.40,364.00
15:09:28: 15,1,1.55,388.00
15:09:28: 16,1,1.61,416.00
15:09:28: 

15:09:28: CHANNEL,STATE,VOLTAGE,CURRENT
15:09:28: 1,1,1.40,892.00
15:09:28: 2,1,1.61,956.00
15:09:28: 3,1,1.61,356.00
15:09:28: 4,1,1.60,356.00
15:09:28: 5,1,1.61,700.00
15:09:28: 6,1,1.61,788.00
15:09:28: 7,1,1.40,868.00
15:09:28: 8,1,1.50,968.00
15:09:28: 9,1,1.61,444.00
15:09:28: 10,1,1.55,532.00
15:09:28: 11,1,1.53,556.00
15:09:28: 12,1,1.37,636.00
15:09:28: 13,1,1.55,364.00
15:09:28: 14,1,1.61,356.00
15:09:28: 15,1,1.61,388.00
15:09:28: 16,1,1.61,388.00
15:09:28: 

15:09:29: CHANNEL,STATE,VOLTAGE,CURRENT
15:09:29: 1,1,1.61,844.00
15:09:29: 2,1,1.55,948.00
15:09:29: 3,1,1.61,356.00
15:09:29: 4,1,1.37,324.00
15:09:29: 5,1,1.61,728.00
15:09:29: 6,1,1.51,764.00
15:09:29: 7,1,1.37,892.00
15:09:29: 8,1,1.61,924.00
15:09:29: 9,1,1.51,476.00
15:09:29: 10,1,1.55,492.00
15:09:29: 11,1,1.37,580.00
15:09:29: 12,1,1.60,580.00
15:09:29: 13,1,1.61,388.00
15:09:29: 14,1,1.61,356.00
15:09:29: 15,1,1.61,416.00
15:09:29: 16,1,1.51,372.00
15:09:29: 

15:09:29: CHANNEL,STATE,VOLTAGE,CURRENT
15:09:29: 1,1,1.61,956.00
15:09:29: 2,1,1.61,956.00
15:09:29: 3,1,1.61,356.00
15:09:29: 4,1,1.61,324.00
15:09:29: 5,1,1.55,732.00
15:09:29: 6,1,1.50,732.00
15:09:29: 7,1,1.61,924.00
15:09:29: 8,1,1.37,912.00
15:09:29: 9,1,1.40,492.00
15:09:29: 10,1,1.61,476.00
15:09:29: 11,1,1.40,612.00
15:09:29: 12,1,1.40,568.00
15:09:29: 13,1,1.61,372.00
15:09:29: 14,1,1.37,356.00
15:09:29: 15,1,1.40,420.00
15:09:29: 16,1,1.61,388.00
15:09:29: 

15:09:30: CHANNEL,STATE,VOLTAGE,CURRENT
15:09:30: 1,1,1.60,844.00
15:09:30: 2,1,1.40,980.00
15:09:30: 3,1,1.61,356.00
15:09:30: 4,1,1.61,356.00
15:09:30: 5,1,1.40,732.00
15:09:30: 6,1,1.61,732.00
15:09:30: 7,1,1.61,892.00
15:09:30: 8,1,1.61,912.00
15:09:30: 9,1,1.60,476.00
15:09:30: 10,1,1.55,476.00
15:09:30: 11,1,1.55,580.00
15:09:30: 12,1,1.61,580.00
15:09:30: 13,1,1.60,356.00
15:09:30: 14,1,1.40,372.00
15:09:30: 15,1,1.36,388.00
15:09:30: 16,1,1.40,420.00
15:09:30: 

15:09:30: CHANNEL,STATE,VOLTAGE,CURRENT
15:09:30: 1,1,1.37,976.00
15:09:30: 2,1,1.55,980.00
15:09:30: 3,1,1.37,324.00
15:09:30: 4,1,1.61,356.00
15:09:30: 5,1,1.37,700.00
15:09:30: 6,1,1.55,788.00
15:09:30: 7,1,1.60,892.00
15:09:30: 8,1,1.61,968.00
15:09:30: 9,1,1.50,448.00
15:09:30: 10,1,1.61,524.00
15:09:30: 11,1,1.55,548.00
15:09:30: 12,1,1.40,612.00
15:09:30: 13,1,1.55,356.00
15:09:30: 14,1,1.61,388.00
15:09:30: 15,1,1.60,388.00
15:09:30: 16,1,1.55,416.00
15:09:30: 

15:09:31: CHANNEL,STATE,VOLTAGE,CURRENT
15:09:31: 1,1,1.53,956.00
15:09:31: 2,1,1.53,976.00
15:09:31: 3,1,1.37,324.00
15:09:31: 4,1,1.61,356.00
15:09:31: 5,1,1.61,700.00
15:09:31: 6,1,1.40,804.00
15:09:31: 7,1,1.60,868.00
15:09:31: 8,1,1.37,976.00
15:09:31: 9,1,1.61,420.00
15:09:31: 10,1,1.40,548.00
15:09:31: 11,1,1.61,532.00
15:09:31: 12,1,1.55,640.00
15:09:31: 13,1,1.40,356.00
15:09:31: 14,1,1.61,356.00
15:09:31: 15,1,1.40,388.00
15:09:31: 16,1,1.61,420.00
15:09:31: 

15:09:31: CHANNEL,STATE,VOLTAGE,CURRENT
15:09:31: 1,1,1.40,924.00
15:09:31: 2,1,1.60,952.00
15:09:31: 3,1,1.61,356.00
15:09:31: 4,1,1.37,324.00
15:09:31: 5,1,1.61,700.00
15:09:31: 6,1,1.37,788.00
15:09:31: 7,1,1.61,892.00
15:09:31: 8,1,1.55,924.00
15:09:31: 9,1,1.61,464.00
15:09:31: 10,1,1.37,524.00
15:09:31: 11,1,1.45,576.00
15:09:31: 12,1,1.55,612.00
15:09:31: 13,1,1.61,384.00
15:09:31: 14,1,1.55,356.00
15:09:31: 15,1,1.61,420.00
15:09:31: 16,1,1.60,388.00
15:09:31: 

15:09:31: CHANNEL,STATE,VOLTAGE,CURRENT
15:09:31: 1,1,1.40,868.00
15:09:31: 2,1,1.60,948.00
15:09:31: 3,1,1.61,356.00
15:09:31: 4,1,1.55,324.00
15:09:31: 5,1,1.61,732.00
15:09:31: 6,1,1.37,756.00
15:09:31: 7,1,1.61,924.00
15:09:31: 8,1,1.37,924.00
15:09:31: 9,1,1.40,492.00
15:09:31: 10,1,1.50,476.00
15:09:31: 11,1,1.53,608.00
15:09:31: 12,1,1.55,576.00
15:09:31: 13,1,1.40,384.00
15:09:31: 14,1,1.37,356.00
15:09:31: 15,1,1.61,420.00
15:09:31: 16,1,1.50,388.00
15:09:31: 

15:09:32: CHANNEL,STATE,VOLTAGE,CURRENT
15:09:32: 1,1,1.61,948.00
15:09:32: 2,1,1.55,844.00
15:09:32: 3,1,1.61,356.00
15:09:32: 4,1,1.40,308.00
15:09:32: 5,1,1.40,732.00
15:09:32: 6,1,1.40,732.00
15:09:32: 7,1,1.61,924.00
15:09:32: 8,1,1.40,892.00
15:09:32: 9,1,1.43,524.00
15:09:32: 10,1,1.61,476.00
15:09:32: 11,1,1.53,612.00
15:09:32: 12,1,1.40,568.00
15:09:32: 13,1,1.40,372.00
15:09:32: 14,1,1.61,364.00
15:09:32: 15,1,1.47,388.00
15:09:32: 16,1,1.37,388.00
15:09:32: 

15:09:32: CHANNEL,STATE,VOLTAGE,CURRENT
15:09:32: 1,1,1.60,924.00
15:09:32: 2,1,1.61,968.00
15:09:32: 3,1,1.37,324.00
15:09:32: 4,1,1.40,324.00
15:09:32: 5,1,1.60,732.00
15:09:32: 6,1,1.61,760.00
15:09:32: 7,1,1.40,892.00
15:09:32: 8,1,1.50,924.00
15:09:32: 9,1,1.37,476.00
15:09:32: 10,1,1.47,492.00
15:09:32: 11,1,1.61,580.00
15:09:32: 12,1,1.61,612.00
15:09:32: 13,1,1.60,356.00
15:09:32: 14,1,1.55,388.00
15:09:32: 15,1,1.60,388.00
15:09:32: 16,1,1.40,420.00
15:09:32: 

15:09:33: CHANNEL,STATE,VOLTAGE,CURRENT
15:09:33: 1,1,1.55,892.00
15:09:33: 2,1,1.50,860.00
15:09:33: 3,1,1.59,324.00
15:09:33: 4,1,1.50,324.00
15:09:33: 5,1,1.61,700.00
15:09:33: 6,1,1.40,788.00
15:09:33: 7,1,1.37,880.00
15:09:33: 8,1,1.61,968.00
15:09:33: 9,1,1.40,444.00
15:09:33: 10,1,1.40,548.00
15:09:33: 11,1,1.37,524.00
15:09:33: 12,1,1.61,636.00
15:09:33: 13,1,1.40,356.00
15:09:33: 14,1,1.61,364.00
15:09:33: 15,1,1.55,388.00
15:09:33: 16,1,1.40,416.00
15:09:33: 

15:09:33: CHANNEL,STATE,VOLTAGE,CURRENT
15:09:33: 1,1,1.61,956.00
15:09:33: 2,1,1.40,924.00
15:09:33: 3,1,1.61,356.00
15:09:33: 4,1,1.40,324.00
15:09:33: 5,1,1.61,700.00
15:09:33: 6,1,1.61,788.00
15:09:33: 7,1,1.61,880.00
15:09:33: 8,1,1.50,968.00
15:09:33: 9,1,1.40,420.00
15:09:33: 10,1,1.60,548.00
15:09:33: 11,1,1.61,532.00
15:09:33: 12,1,1.60,636.00
15:09:33: 13,1,1.40,356.00
15:09:33: 14,1,1.61,356.00
15:09:33: 15,1,1.61,388.00
15:09:33: 16,1,1.40,388.00
15:09:33: 

15:09:34: CHANNEL,STATE,VOLTAGE,CURRENT
15:09:34: 1,1,1.40,924.00
15:09:34: 2,1,1.55,948.00
15:09:34: 3,1,1.40,352.00
15:09:34: 4,1,1.55,356.00
15:09:34: 5,1,1.61,728.00
15:09:34: 6,1,1.61,776.00
15:09:34: 7,1,1.61,892.00
15:09:34: 8,1,1.55,924.00
15:09:34: 9,1,1.61,476.00
15:09:34: 10,1,1.60,492.00
15:09:34: 11,1,1.40,580.00
15:09:34: 12,1,1.61,580.00
15:09:34: 13,1,1.55,388.00
15:09:34: 14,1,1.55,356.00
15:09:34: 15,1,1.53,388.00
15:09:34: 16,1,1.55,372.00
15:09:34: 

15:09:34: CHANNEL,STATE,VOLTAGE,CURRENT
15:09:34: 1,1,1.61,844.00
15:09:34: 2,1,1.37,860.00
15:09:34: 3,1,1.61,356.00
15:09:34: 4,1,1.60,356.00
15:09:34: 5,1,1.55,756.00
15:09:34: 6,1,1.50,732.00
15:09:34: 7,1,1.61,924.00
15:09:34: 8,1,1.40,920.00
15:09:34: 9,1,1.37,512.00
15:09:34: 10,1,1.53,476.00
15:09:34: 11,1,1.61,612.00
15:09:34: 12,1,1.61,580.00
15:09:34: 13,1,1.61,372.00
15:09:34: 14,1,1.61,356.00
15:09:34: 15,1,1.53,388.00
15:09:34: 16,1,1.53,372.00
15:09:34: 

15:09:35: CHANNEL,STATE,VOLTAGE,CURRENT
15:09:35: 1,1,1.40,860.00
15:09:35: 2,1,1.40,980.00
15:09:35: 3,1,1.40,324.00
15:09:35: 4,1,1.40,356.00
15:09:35: 5,1,1.53,732.00
15:09:35: 6,1,1.40,732.00
15:09:35: 7,1,1.60,924.00
15:09:35: 8,1,1.40,892.00
15:09:35: 9,1,1.60,492.00
15:09:35: 10,1,1.40,476.00
15:09:35: 11,1,1.50,580.00
15:09:35: 12,1,1.40,568.00
15:09:35: 13,1,1.55,364.00
15:09:35: 14,1,1.61,372.00
15:09:35: 15,1,1.53,388.00
15:09:35: 16,1,1.50,388.00
15:09:35: 

15:09:35: CHANNEL,STATE,VOLTAGE,CURRENT
15:09:35: 1,1,1.60,952.00
15:09:35: 2,1,1.61,952.00
15:09:35: 3,1,1.60,356.00
15:09:35: 4,1,1.61,356.00
15:09:35: 5,1,1.60,700.00
15:09:35: 6,1,1.61,784.00
15:09:35: 7,1,1.50,892.00
15:09:35: 8,1,1.61,948.00
15:09:35: 9,1,1.37,472.00
15:09:35: 10,1,1.61,524.00
15:09:35: 11,1,1.55,548.00
15:09:35: 12,1,1.40,612.00
15:09:35: 13,1,1.55,356.00
15:09:35: 14,1,1.53,372.00
15:09:35: 15,1,1.60,388.00
15:09:35: 16,1,1.40,420.00
15:09:35: 

15:09:35: CHANNEL,STATE,VOLTAGE,CURRENT
15:09:35: 1,1,1.60,924.00
15:09:35: 2,1,1.40,924.00
15:09:35: 3,1,1.61,356.00
15:09:35: 4,1,1.40,352.00
15:09:35: 5,1,1.60,684.00
15:09:35: 6,1,1.61,788.00
15:09:35: 7,1,1.37,860.00
15:09:35: 8,1,1.50,968.00
15:09:35: 9,1,1.37,452.00
15:09:35: 10,1,1.61,552.00
15:09:35: 11,1,1.61,532.00
15:09:35: 12,1,1.61,664.00
15:09:35: 13,1,1.61,364.00
15:09:35: 14,1,1.61,372.00
15:09:35: 15,1,1.61,388.00
15:09:35: 16,1,1.40,416.00
15:09:35: 

15:09:36: CHANNEL,STATE,VOLTAGE,CURRENT
15:09:36: 1,1,1.40,864.00
15:09:36: 2,1,1.53,924.00
15:09:36: 3,1,1.53,324.00
15:09:36: 4,1,1.37,324.00
15:09:36: 5,1,1.61,700.00
15:09:36: 6,1,1.55,788.00
15:09:36: 7,1,1.61,880.00
15:09:36: 8,1,1.45,956.00
15:09:36: 9,1,1.40,472.00
15:09:36: 10,1,1.61,532.00
15:09:36: 11,1,1.61,568.00
15:09:36: 12,1,1.61,612.00
15:09:36: 13,1,1.40,372.00
15:09:36: 14,1,1.40,364.00
15:09:36: 15,1,1.61,420.00
15:09:36: 16,1,1.60,388.00
15:09:36: 

15:09:36: CHANNEL,STATE,VOLTAGE,CURRENT
15:09:36: 1,1,1.61,920.00
15:09:36: 2,1,1.53,844.00
15:09:36: 3,1,1.47,356.00
15:09:36: 4,1,1.37,324.00
15:09:36: 5,1,1.61,732.00
15:09:36: 6,1,1.55,760.00
15:09:36: 7,1,1.61,924.00
15:09:36: 8,1,1.55,924.00
15:09:36: 9,1,1.61,492.00
15:09:36: 10,1,1.37,492.00
15:09:36: 11,1,1.61,580.00
15:09:36: 12,1,1.37,580.00
15:09:36: 13,1,1.40,384.00
15:09:36: 14,1,1.37,356.00
15:09:36: 15,1,1.61,420.00
15:09:36: 16,1,1.60,388.00
15:09:36: 

15:09:37: CHANNEL,STATE,VOLTAGE,CURRENT
15:09:37: 1,1,1.61,844.00
15:09:37: 2,1,1.40,976.00
15:09:37: 3,1,1.61,356.00
15:09:37: 4,1,1.61,356.00
15:09:37: 5,1,1.40,732.00
15:09:37: 6,1,1.61,732.00
15:09:37: 7,1,1.61,924.00
15:09:37: 8,1,1.55,924.00
15:09:37: 9,1,1.40,492.00
15:09:37: 10,1,1.61,476.00
15:09:37: 11,1,1.50,612.00
15:09:37: 12,1,1.37,576.00
15:09:37: 13,1,1.61,372.00
15:09:37: 14,1,1.61,372.00
15:09:37: 15,1,1.61,388.00
15:09:37: 16,1,1.53,388.00
15:09:37: 

15:09:37: CHANNEL,STATE,VOLTAGE,CURRENT
15:09:37: 1,1,1.60,948.00
15:09:37: 2,1,1.35,868.00
15:09:37: 3,1,1.55,356.00
15:09:37: 4,1,1.61,356.00
15:09:37: 5,1,1.37,732.00
15:09:37: 6,1,1.45,756.00
15:09:37: 7,1,1.51,892.00
15:09:37: 8,1,1.61,924.00
15:09:37: 9,1,1.53,476.00
15:09:37: 10,1,1.61,492.00
15:09:37: 11,1,1.37,580.00
15:09:37: 12,1,1.40,608.00
15:09:37: 13,1,1.55,356.00
15:09:37: 14,1,1.40,364.00
15:09:37: 15,1,1.37,388.00
15:09:37: 16,1,1.61,388.00
15:09:37: 

15:09:38: CHANNEL,STATE,VOLTAGE,CURRENT
15:09:38: 1,1,1.53,892.00
15:09:38: 2,1,1.61,968.00
15:09:38: 3,1,1.37,324.00
15:09:38: 4,1,1.40,356.00
15:09:38: 5,1,1.61,700.00
15:09:38: 6,1,1.55,788.00
15:09:38: 7,1,1.61,888.00
15:09:38: 8,1,1.61,948.00
15:09:38: 9,1,1.37,444.00
15:09:38: 10,1,1.61,532.00
15:09:38: 11,1,1.55,524.00
15:09:38: 12,1,1.40,612.00
15:09:38: 13,1,1.55,356.00
15:09:38: 14,1,1.40,372.00
15:09:38: 15,1,1.50,372.00
15:09:38: 16,1,1.40,420.00
15:09:38: 

15:09:38: CHANNEL,STATE,VOLTAGE,CURRENT
15:09:38: 1,1,1.40,892.00
15:09:38: 2,1,1.61,968.00
15:09:38: 3,1,1.61,356.00
15:09:38: 4,1,1.53,356.00
15:09:38: 5,1,1.61,700.00
15:09:38: 6,1,1.61,788.00
15:09:38: 7,1,1.61,864.00
15:09:38: 8,1,1.50,968.00
15:09:38: 9,1,1.37,448.00
15:09:38: 10,1,1.53,548.00
15:09:38: 11,1,1.40,524.00
15:09:38: 12,1,1.40,656.00
15:09:38: 13,1,1.50,356.00
15:09:38: 14,1,1.53,372.00
15:09:38: 15,1,1.61,388.00
15:09:38: 16,1,1.53,388.00
15:09:38: 

15:09:39: CHANNEL,STATE,VOLTAGE,CURRENT
15:09:39: 1,1,1.61,844.00
15:09:39: 2,1,1.50,844.00
15:09:39: 3,1,1.61,356.00
15:09:39: 4,1,1.55,324.00
15:09:39: 5,1,1.61,700.00
15:09:39: 6,1,1.60,784.00
15:09:39: 7,1,1.55,892.00
15:09:39: 8,1,1.55,924.00
15:09:39: 9,1,1.40,464.00
15:09:39: 10,1,1.55,520.00
15:09:39: 11,1,1.61,568.00
15:09:39: 12,1,1.60,612.00
15:09:39: 13,1,1.61,364.00
15:09:39: 14,1,1.61,364.00
15:09:39: 15,1,1.61,420.00
15:09:39: 16,1,1.55,388.00
15:09:39: 

15:09:39: CHANNEL,STATE,VOLTAGE,CURRENT
15:09:39: 1,1,1.61,956.00
15:09:39: 2,1,1.61,948.00
15:09:39: 3,1,1.55,324.00
15:09:39: 4,1,1.55,356.00
15:09:39: 5,1,1.61,732.00
15:09:39: 6,1,1.60,756.00
15:09:39: 7,1,1.40,924.00
15:09:39: 8,1,1.37,912.00
15:09:39: 9,1,1.55,492.00
15:09:39: 10,1,1.61,476.00
15:09:39: 11,1,1.50,580.00
15:09:39: 12,1,1.60,580.00
15:09:39: 13,1,1.35,388.00
15:09:39: 14,1,1.60,324.00
15:09:39: 15,1,1.61,388.00
15:09:39: 16,1,1.60,388.00
15:09:39: 

15:09:39: CHANNEL,STATE,VOLTAGE,CURRENT
15:09:39: 1,1,1.61,956.00
15:09:39: 2,1,1.37,860.00
15:09:39: 3,1,1.33,308.00
15:09:39: 4,1,1.50,324.00
15:09:39: 5,1,1.61,732.00
15:09:39: 6,1,1.37,732.00
15:09:39: 7,1,1.53,924.00
15:09:39: 8,1,1.61,892.00
15:09:39: 9,1,1.40,492.00
15:09:39: 10,1,1.61,476.00
15:09:39: 11,1,1.61,612.00
15:09:39: 12,1,1.61,556.00
15:09:39: 13,1,1.61,372.00
15:09:39: 14,1,1.61,356.00
15:09:39: 15,1,1.53,388.00
15:09:39: 16,1,1.37,388.00
15:09:39: 

15:09:40: CHANNEL,STATE,VOLTAGE,CURRENT
15:09:40: 1,1,1.50,892.00
15:09:40: 2,1,1.61,968.00
15:09:40: 3,1,1.37,324.00
15:09:40: 4,1,1.61,356.00
15:09:40: 5,1,1.60,728.00
15:09:40: 6,1,1.61,756.00
15:09:40: 7,1,1.50,892.00
15:09:40: 8,1,1.40,924.00
15:09:40: 9,1,1.37,476.00
15:09:40: 10,1,1.40,492.00
15:09:40: 11,1,1.55,580.00
15:09:40: 12,1,1.61,612.00
15:09:40: 13,1,1.55,352.00
15:09:40: 14,1,1.40,372.00
15:09:40: 15,1,1.37,388.00
15:09:40: 16,1,1.61,416.00
15:09:40: 

15:09:40: CHANNEL,STATE,VOLTAGE,CURRENT
15:09:40: 1,1,1.37,976.00
15:09:40: 2,1,1.40,924.00
15:09:40: 3,1,1.60,352.00
15:09:40: 4,1,1.40,324.00
15:09:40: 5,1,1.60,700.00
15:09:40: 6,1,1.40,788.00
15:09:40: 7,1,1.37,880.00
15:09:40: 8,1,1.50,968.00
15:09:40: 9,1,1.60,420.00
15:09:40: 10,1,1.40,548.00
15:09:40: 11,1,1.53,524.00
15:09:40: 12,1,1.55,644.00
15:09:40: 13,1,1.61,356.00
15:09:40: 14,1,1.61,372.00
15:09:40: 15,1,1.60,384.00
15:09:40: 16,1,1.55,388.00
15:09:40: 

15:09:41: CHANNEL,STATE,VOLTAGE,CURRENT
15:09:41: 1,1,1.61,836.00
15:09:41: 2,1,1.61,956.00
15:09:41: 3,1,1.61,356.00
15:09:41: 4,1,1.61,356.00
15:09:41: 5,1,1.61,700.00
15:09:41: 6,1,1.37,788.00
15:09:41: 7,1,1.37,860.00
15:09:41: 8,1,1.61,968.00
15:09:41: 9,1,1.61,444.00
15:09:41: 10,1,1.40,548.00
15:09:41: 11,1,1.61,548.00
15:09:41: 12,1,1.61,640.00
15:09:41: 13,1,1.40,364.00
15:09:41: 14,1,1.61,372.00
15:09:41: 15,1,1.53,388.00
15:09:41: 16,1,1.40,388.00
15:09:41: 

15:09:41: CHANNEL,STATE,VOLTAGE,CURRENT
15:09:41: 1,1,1.40,892.00
15:09:41: 2,1,1.51,844.00
15:09:41: 3,1,1.50,356.00
15:09:41: 4,1,1.47,352.00
15:09:41: 5,1,1.61,720.00
15:09:41: 6,1,1.37,776.00
15:09:41: 7,1,1.61,892.00
15:09:41: 8,1,1.60,924.00
15:09:41: 9,1,1.61,420.00
15:09:41: 10,1,1.60,512.00
15:09:41: 11,1,1.40,580.00
15:09:41: 12,1,1.37,580.00
15:09:41: 13,1,1.61,372.00
15:09:41: 14,1,1.55,356.00
15:09:41: 15,1,1.53,416.00
15:09:41: 16,1,1.50,372.00
15:09:41: 

15:09:42: CHANNEL,STATE,VOLTAGE,CURRENT
15:09:42: 1,1,1.40,864.00
15:09:42: 2,1,1.37,860.00
15:09:42: 3,1,1.61,360.00
15:09:42: 4,1,1.61,356.00
15:09:42: 5,1,1.53,732.00
15:09:42: 6,1,1.55,732.00
15:09:42: 7,1,1.61,924.00
15:09:42: 8,1,1.60,920.00
15:09:42: 9,1,1.40,524.00
15:09:42: 10,1,1.61,476.00
15:09:42: 11,1,1.40,612.00
15:09:42: 12,1,1.37,548.00
15:09:42: 13,1,1.61,372.00
15:09:42: 14,1,1.40,356.00
15:09:42: 15,1,1.40,388.00
15:09:42: 16,1,1.60,388.00
15:09:42: 

15:09:42: CHANNEL,STATE,VOLTAGE,CURRENT
15:09:42: 1,1,1.61,956.00
15:09:42: 2,1,1.55,860.00
15:09:42: 3,1,1.37,324.00
15:09:42: 4,1,1.61,356.00
15:09:42: 5,1,1.37,732.00
15:09:42: 6,1,1.40,732.00
15:09:42: 7,1,1.61,924.00
15:09:42: 8,1,1.61,924.00
15:09:42: 9,1,1.61,492.00
15:09:42: 10,1,1.40,476.00
15:09:42: 11,1,1.61,580.00
15:09:42: 12,1,1.61,580.00
15:09:42: 13,1,1.60,356.00
15:09:42: 14,1,1.40,364.00
15:09:42: 15,1,1.61,388.00
15:09:42: 16,1,1.61,388.00
15:09:42: 

15:09:43: CHANNEL,STATE,VOLTAGE,CURRENT
15:09:43: 1,1,1.55,836.00
15:09:43: 2,1,1.40,924.00
15:09:43: 3,1,1.55,356.00
15:09:43: 4,1,1.40,324.00
15:09:43: 5,1,1.55,700.00
15:09:43: 6,1,1.37,764.00
15:09:43: 7,1,1.55,892.00
15:09:43: 8,1,1.61,948.00
15:09:43: 9,1,1.55,452.00
15:09:43: 10,1,1.40,524.00
15:09:43: 11,1,1.53,568.00
15:09:43: 12,1,1.43,612.00
15:09:43: 13,1,1.60,356.00
15:09:43: 14,1,1.61,372.00
15:09:43: 15,1,1.37,364.00
15:09:43: 16,1,1.40,416.00
15:09:43: 

15:09:43: CHANNEL,STATE,VOLTAGE,CURRENT
15:09:43: 1,1,1.37,976.00
15:09:43: 2,1,1.61,892.00
15:09:43: 3,1,1.61,356.00
15:09:43: 4,1,1.61,352.00
15:09:43: 5,1,1.50,700.00
15:09:43: 6,1,1.61,788.00
15:09:43: 7,1,1.45,868.00
15:09:43: 8,1,1.61,952.00
15:09:43: 9,1,1.61,420.00
15:09:43: 10,1,1.61,548.00
15:09:43: 11,1,1.61,532.00
15:09:43: 12,1,1.40,656.00
15:09:43: 13,1,1.40,356.00
15:09:43: 14,1,1.61,372.00
15:09:43: 15,1,1.40,388.00
15:09:43: 16,1,1.61,388.00
15:09:43: 

15:09:43: CHANNEL,STATE,VOLTAGE,CURRENT
15:09:43: 1,1,1.45,976.00
15:09:43: 2,1,1.61,948.00
15:09:43: 3,1,1.40,356.00
15:09:43: 4,1,1.61,356.00
15:09:43: 5,1,1.40,700.00
15:09:43: 6,1,1.60,788.00
15:09:43: 7,1,1.61,888.00
15:09:43: 8,1,1.40,956.00
15:09:43: 9,1,1.61,444.00
15:09:43: 10,1,1.61,532.00
15:09:43: 11,1,1.55,552.00
15:09:43: 12,1,1.61,636.00
15:09:43: 13,1,1.40,364.00
15:09:43: 14,1,1.61,356.00
15:09:43: 15,1,1.61,416.00
15:09:43: 16,1,1.60,388.00
15:09:43: 

15:09:44: CHANNEL,STATE,VOLTAGE,CURRENT
15:09:44: 1,1,1.55,924.00
15:09:44: 2,1,1.55,956.00
15:09:44: 3,1,1.40,356.00
15:09:44: 4,1,1.55,324.00
15:09:44: 5,1,1.61,732.00
15:09:44: 6,1,1.37,756.00
15:09:44: 7,1,1.40,920.00
15:09:44: 8,1,1.61,924.00
15:09:44: 9,1,1.61,476.00
15:09:44: 10,1,1.55,492.00
15:09:44: 11,1,1.55,580.00
15:09:44: 12,1,1.37,580.00
15:09:44: 13,1,1.40,388.00
15:09:44: 14,1,1.61,352.00
15:09:44: 15,1,1.40,416.00
15:09:44: 16,1,1.37,388.00
15:09:44: 

15:09:44: CHANNEL,STATE,VOLTAGE,CURRENT
15:09:44: 1,1,1.40,892.00
15:09:44: 2,1,1.47,860.00
15:09:44: 3,1,1.50,352.00
15:09:44: 4,1,1.61,356.00
15:09:44: 5,1,1.53,756.00
15:09:44: 6,1,1.61,732.00
15:09:44: 7,1,1.40,924.00
15:09:44: 8,1,1.40,892.00
15:09:44: 9,1,1.50,492.00
15:09:44: 10,1,1.40,476.00
15:09:44: 11,1,1.47,608.00
15:09:44: 12,1,1.40,548.00
15:09:44: 13,1,1.61,364.00
15:09:44: 14,1,1.61,356.00
15:09:44: 15,1,1.61,388.00
15:09:44: 16,1,1.60,388.00
15:09:44: 

15:09:45: CHANNEL,STATE,VOLTAGE,CURRENT
15:09:45: 1,1,1.45,976.00
15:09:45: 2,1,1.61,968.00
15:09:45: 3,1,1.37,324.00
15:09:45: 4,1,1.61,356.00
15:09:45: 5,1,1.37,732.00
15:09:45: 6,1,1.61,756.00
15:09:45: 7,1,1.37,924.00
15:09:45: 8,1,1.61,924.00
15:09:45: 9,1,1.55,476.00
15:09:45: 10,1,1.61,476.00
15:09:45: 11,1,1.50,580.00
15:09:45: 12,1,1.61,580.00
15:09:45: 13,1,1.37,356.00
15:09:45: 14,1,1.55,388.00
15:09:45: 15,1,1.37,388.00
15:09:45: 16,1,1.61,416.00
15:09:45: 

15:09:45: CHANNEL,STATE,VOLTAGE,CURRENT
15:09:45: 1,1,1.55,836.00
15:09:45: 2,1,1.40,980.00
15:09:45: 3,1,1.37,308.00
15:09:45: 4,1,1.61,364.00
15:09:45: 5,1,1.61,700.00
15:09:45: 6,1,1.61,788.00
15:09:45: 7,1,1.45,892.00
15:09:45: 8,1,1.61,948.00
15:09:45: 9,1,1.60,444.00
15:09:45: 10,1,1.61,532.00
15:09:45: 11,1,1.60,548.00
15:09:45: 12,1,1.61,636.00
15:09:45: 13,1,1.60,356.00
15:09:45: 14,1,1.61,388.00
15:09:45: 15,1,1.55,372.00
15:09:45: 16,1,1.55,420.00
15:09:45: 

15:09:46: CHANNEL,STATE,VOLTAGE,CURRENT
15:09:46: 1,1,1.50,860.00
15:09:46: 2,1,1.61,952.00
15:09:46: 3,1,1.61,356.00
15:09:46: 4,1,1.55,324.00
15:09:46: 5,1,1.53,684.00
15:09:46: 6,1,1.55,788.00
15:09:46: 7,1,1.61,868.00
15:09:46: 8,1,1.61,968.00
15:09:46: 9,1,1.40,444.00
15:09:46: 10,1,1.50,548.00
15:09:46: 11,1,1.61,548.00
15:09:46: 12,1,1.40,640.00
15:09:46: 13,1,1.40,356.00
15:09:46: 14,1,1.61,372.00
15:09:46: 15,1,1.61,388.00
15:09:46: 16,1,1.61,420.00
15:09:46: 

15:09:46: CHANNEL,STATE,VOLTAGE,CURRENT
15:09:46: 1,1,1.61,880.00
15:09:46: 2,1,1.60,952.00
15:09:46: 3,1,1.40,352.00
15:09:46: 4,1,1.61,356.00
15:09:46: 5,1,1.61,700.00
15:09:46: 6,1,1.37,788.00
15:09:46: 7,1,1.61,892.00
15:09:46: 8,1,1.37,948.00
15:09:46: 9,1,1.40,476.00
15:09:46: 10,1,1.60,524.00
15:09:46: 11,1,1.61,580.00
15:09:46: 12,1,1.50,580.00
15:09:46: 13,1,1.40,356.00
15:09:46: 14,1,1.60,356.00
15:09:46: 15,1,1.61,408.00
15:09:46: 16,1,1.55,388.00
15:09:46: 

15:09:47: CHANNEL,STATE,VOLTAGE,CURRENT
15:09:47: 1,1,1.53,976.00
15:09:47: 2,1,1.37,860.00
15:09:47: 3,1,1.61,364.00
15:09:47: 4,1,1.37,324.00
15:09:47: 5,1,1.55,732.00
15:09:47: 6,1,1.37,732.00
15:09:47: 7,1,1.40,892.00
15:09:47: 8,1,1.60,892.00
15:09:47: 9,1,1.61,492.00
15:09:47: 10,1,1.60,476.00
15:09:47: 11,1,1.61,580.00
15:09:47: 12,1,1.55,576.00
15:09:47: 13,1,1.40,364.00
15:09:47: 14,1,1.37,356.00
15:09:47: 15,1,1.53,416.00
15:09:47: 16,1,1.37,372.00
15:09:47: 

15:09:47: CHANNEL,STATE,VOLTAGE,CURRENT
15:09:47: 1,1,1.40,924.00
15:09:47: 2,1,1.40,924.00
15:09:47: 3,1,1.61,356.00
15:09:47: 4,1,1.40,356.00
15:09:47: 5,1,1.61,756.00
15:09:47: 6,1,1.40,732.00
15:09:47: 7,1,1.61,924.00
15:09:47: 8,1,1.53,924.00
15:09:47: 9,1,1.61,492.00
15:09:47: 10,1,1.61,476.00
15:09:47: 11,1,1.61,612.00
15:09:47: 12,1,1.37,568.00
15:09:47: 13,1,1.61,372.00
15:09:47: 14,1,1.60,356.00
15:09:47: 15,1,1.61,388.00
15:09:47: 16,1,1.50,388.00
15:09:47: 

15:09:47: CHANNEL,STATE,VOLTAGE,CURRENT
15:09:47: 1,1,1.40,968.00
15:09:47: 2,1,1.61,968.00
15:09:47: 3,1,1.37,324.00
15:09:47: 4,1,1.61,356.00
15:09:47: 5,1,1.60,732.00
15:09:47: 6,1,1.40,764.00
15:09:47: 7,1,1.60,892.00
15:09:47: 8,1,1.61,924.00
15:09:47: 9,1,1.60,476.00
15:09:47: 10,1,1.61,492.00
15:09:47: 11,1,1.37,568.00
15:09:47: 12,1,1.61,612.00
15:09:47: 13,1,1.37,324.00
15:09:47: 14,1,1.61,364.00
15:09:47: 15,1,1.55,372.00
15:09:47: 16,1,1.61,420.00
15:09:47: 

15:09:48: CHANNEL,STATE,VOLTAGE,CURRENT
15:09:48: 1,1,1.53,956.00
15:09:48: 2,1,1.61,968.00
15:09:48: 3,1,1.37,324.00
15:09:48: 4,1,1.61,356.00
15:09:48: 5,1,1.55,700.00
15:09:48: 6,1,1.61,788.00
15:09:48: 7,1,1.32,888.00
15:09:48: 8,1,1.55,968.00
15:09:48: 9,1,1.55,420.00
15:09:48: 10,1,1.40,548.00
15:09:48: 11,1,1.40,532.00
15:09:48: 12,1,1.61,636.00
15:09:48: 13,1,1.60,356.00
15:09:48: 14,1,1.61,372.00
15:09:48: 15,1,1.37,364.00
15:09:48: 16,1,1.40,388.00
15:09:48: 

15:09:48: CHANNEL,STATE,VOLTAGE,CURRENT
15:09:48: 1,1,1.61,844.00
15:09:48: 2,1,1.40,832.00
15:09:48: 3,1,1.40,356.00
15:09:48: 4,1,1.61,356.00
15:09:48: 5,1,1.61,700.00
15:09:48: 6,1,1.40,788.00
15:09:48: 7,1,1.55,880.00
15:09:48: 8,1,1.60,968.00
15:09:48: 9,1,1.61,420.00
15:09:48: 10,1,1.61,532.00
15:09:48: 11,1,1.61,548.00
15:09:48: 12,1,1.55,636.00
15:09:48: 13,1,1.37,356.00
15:09:48: 14,1,1.37,356.00
15:09:48: 15,1,1.55,388.00
15:09:48: 16,1,1.37,388.00
15:09:48: 

15:09:49: CHANNEL,STATE,VOLTAGE,CURRENT
15:09:49: 1,1,1.51,968.00
15:09:49: 2,1,1.60,948.00
15:09:49: 3,1,1.61,364.00
15:09:49: 4,1,1.60,356.00
15:09:49: 5,1,1.61,728.00
15:09:49: 6,1,1.60,760.00
15:09:49: 7,1,1.61,892.00
15:09:49: 8,1,1.55,924.00
15:09:49: 9,1,1.40,476.00
15:09:49: 10,1,1.55,492.00
15:09:49: 11,1,1.55,580.00
15:09:49: 12,1,1.55,580.00
15:09:49: 13,1,1.61,388.00
15:09:49: 14,1,1.53,356.00
15:09:49: 15,1,1.53,420.00
15:09:49: 16,1,1.55,372.00
15:09:49: 

15:09:49: CHANNEL,STATE,VOLTAGE,CURRENT
15:09:49: 1,1,1.55,924.00
15:09:49: 2,1,1.61,956.00
15:09:49: 3,1,1.40,364.00
15:09:49: 4,1,1.61,356.00
15:09:49: 5,1,1.61,732.00
15:09:49: 6,1,1.40,732.00
15:09:49: 7,1,1.61,924.00
15:09:49: 8,1,1.61,920.00
15:09:49: 9,1,1.53,492.00
15:09:49: 10,1,1.45,476.00
15:09:49: 11,1,1.61,612.00
15:09:49: 12,1,1.61,552.00
15:09:49: 13,1,1.61,372.00
15:09:49: 14,1,1.61,356.00
15:09:49: 15,1,1.61,420.00
15:09:49: 16,1,1.40,388.00
15:09:49: 

15:09:50: CHANNEL,STATE,VOLTAGE,CURRENT
15:09:50: 1,1,1.51,952.00
15:09:50: 2,1,1.61,968.00
15:09:50: 3,1,1.45,356.00
15:09:50: 4,1,1.61,356.00
15:09:50: 5,1,1.37,732.00
15:09:50: 6,1,1.61,756.00
15:09:50: 7,1,1.50,924.00
15:09:50: 8,1,1.61,924.00
15:09:50: 9,1,1.60,476.00
15:09:50: 10,1,1.61,476.00
15:09:50: 11,1,1.60,580.00
15:09:50: 12,1,1.61,580.00
15:09:50: 13,1,1.60,356.00
15:09:50: 14,1,1.61,372.00
15:09:50: 15,1,1.55,388.00
15:09:50: 16,1,1.61,388.00
15:09:50: 

15:09:50: CHANNEL,STATE,VOLTAGE,CURRENT
15:09:50: 1,1,1.60,924.00
15:09:50: 2,1,1.61,968.00
15:09:50: 3,1,1.55,352.00
15:09:50: 4,1,1.40,352.00
15:09:50: 5,1,1.37,700.00
15:09:50: 6,1,1.40,784.00
15:09:50: 7,1,1.60,888.00
15:09:50: 8,1,1.55,948.00
15:09:50: 9,1,1.47,420.00
15:09:50: 10,1,1.40,524.00
15:09:50: 11,1,1.55,548.00
15:09:50: 12,1,1.40,636.00
15:09:50: 13,1,1.37,356.00
15:09:50: 14,1,1.61,372.00
15:09:50: 15,1,1.55,372.00
15:09:50: 16,1,1.40,420.00
15:09:50: 

15:09:51: CHANNEL,STATE,VOLTAGE,CURRENT
15:09:51: 1,1,1.61,788.00
15:09:51: 2,1,1.61,956.00
15:09:51: 3,1,1.40,356.00
15:09:51: 4,1,1.61,356.00
15:09:51: 5,1,1.61,684.00
15:09:51: 6,1,1.61,788.00
15:09:51: 7,1,1.37,864.00
15:09:51: 8,1,1.60,968.00
15:09:51: 9,1,1.60,420.00
15:09:51: 10,1,1.55,512.00
15:09:51: 11,1,1.61,548.00
15:09:51: 12,1,1.61,644.00
15:09:51: 13,1,1.36,356.00
15:09:51: 14,1,1.51,364.00
15:09:51: 15,1,1.61,388.00
15:09:51: 16,1,1.45,420.00
15:09:51: 

15:09:51: CHANNEL,STATE,VOLTAGE,CURRENT
15:09:51: 1,1,1.61,844.00
15:09:51: 2,1,1.55,836.00
15:09:51: 3,1,1.61,356.00
15:09:51: 4,1,1.60,356.00
15:09:51: 5,1,1.61,720.00
15:09:51: 6,1,1.55,776.00
15:09:51: 7,1,1.45,892.00
15:09:51: 8,1,1.37,948.00
15:09:51: 9,1,1.40,464.00
15:09:51: 10,1,1.55,492.00
15:09:51: 11,1,1.55,568.00
15:09:51: 12,1,1.60,612.00
15:09:51: 13,1,1.55,372.00
15:09:51: 14,1,1.55,356.00
15:09:51: 15,1,1.55,388.00
15:09:51: 16,1,1.53,388.00
15:09:51: 

15:09:51: CHANNEL,STATE,VOLTAGE,CURRENT
15:09:51: 1,1,1.40,924.00
15:09:51: 2,1,1.60,952.00
15:09:51: 3,1,1.61,356.00
15:09:51: 4,1,1.55,356.00
15:09:51: 5,1,1.61,732.00
15:09:51: 6,1,1.37,732.00
15:09:51: 7,1,1.61,924.00
15:09:51: 8,1,1.55,920.00
15:09:51: 9,1,1.61,492.00
15:09:51: 10,1,1.37,476.00
15:09:51: 11,1,1.61,612.00
15:09:51: 12,1,1.61,576.00
15:09:51: 13,1,1.61,372.00
15:09:51: 14,1,1.37,356.00
15:09:51: 15,1,1.61,420.00
15:09:51: 16,1,1.55,388.00
15:09:51: 

15:09:52: CHANNEL,STATE,VOLTAGE,CURRENT
15:09:52: 1,1,1.61,920.00
15:09:52: 2,1,1.45,968.00
15:09:52: 3,1,1.61,356.00
15:09:52: 4,1,1.61,356.00
15:09:52: 5,1,1.37,732.00
15:09:52: 6,1,1.55,732.00
15:09:52: 7,1,1.55,924.00
15:09:52: 8,1,1.61,892.00
15:09:52: 9,1,1.61,492.00
15:09:52: 10,1,1.61,464.00
15:09:52: 11,1,1.61,612.00
15:09:52: 12,1,1.61,556.00
15:09:52: 13,1,1.61,372.00
15:09:52: 14,1,1.61,364.00
15:09:52: 15,1,1.61,388.00
15:09:52: 16,1,1.61,388.00
15:09:52: 

15:09:52: CHANNEL,STATE,VOLTAGE,CURRENT
15:09:52: 1,1,1.40,976.00
15:09:52: 2,1,1.40,980.00
15:09:52: 3,1,1.55,324.00
15:09:52: 4,1,1.61,364.00
15:09:52: 5,1,1.55,720.00
15:09:52: 6,1,1.61,756.00
15:09:52: 7,1,1.53,892.00
15:09:52: 8,1,1.61,924.00
15:09:52: 9,1,1.60,472.00
15:09:52: 10,1,1.61,512.00
15:09:52: 11,1,1.60,576.00
15:09:52: 12,1,1.40,612.00
15:09:52: 13,1,1.53,356.00
15:09:52: 14,1,1.61,372.00
15:09:52: 15,1,1.60,388.00
15:09:52: 16,1,1.61,388.00
15:09:52: 

15:09:53: CHANNEL,STATE,VOLTAGE,CURRENT
15:09:53: 1,1,1.61,948.00
15:09:53: 2,1,1.61,968.00
15:09:53: 3,1,1.60,356.00
15:09:53: 4,1,1.61,324.00
15:09:53: 5,1,1.61,684.00
15:09:53: 6,1,1.61,788.00
15:09:53: 7,1,1.61,880.00
15:09:53: 8,1,1.40,968.00
15:09:53: 9,1,1.50,420.00
15:09:53: 10,1,1.61,532.00
15:09:53: 11,1,1.40,532.00
15:09:53: 12,1,1.40,636.00
15:09:53: 13,1,1.60,356.00
15:09:53: 14,1,1.61,372.00
15:09:53: 15,1,1.61,372.00
15:09:53: 16,1,1.61,420.00
15:09:53: 

15:09:53: CHANNEL,STATE,VOLTAGE,CURRENT
15:09:53: 1,1,1.61,844.00
15:09:53: 2,1,1.61,920.00
15:09:53: 3,1,1.61,356.00
15:09:53: 4,1,1.37,364.00
15:09:53: 5,1,1.61,700.00
15:09:53: 6,1,1.47,788.00
15:09:53: 7,1,1.40,868.00
15:09:53: 8,1,1.55,956.00
15:09:53: 9,1,1.61,448.00
15:09:53: 10,1,1.55,524.00
15:09:53: 11,1,1.53,548.00
15:09:53: 12,1,1.37,612.00
15:09:53: 13,1,1.40,364.00
15:09:53: 14,1,1.55,356.00
15:09:53: 15,1,1.61,388.00
15:09:53: 16,1,1.61,388.00
15:09:53: 

15:09:54: CHANNEL,STATE,VOLTAGE,CURRENT
15:09:54: 1,1,1.61,892.00
15:09:54: 2,1,1.60,948.00
15:09:54: 3,1,1.61,364.00
15:09:54: 4,1,1.55,356.00
15:09:54: 5,1,1.53,732.00
15:09:54: 6,1,1.45,756.00
15:09:54: 7,1,1.61,920.00
15:09:54: 8,1,1.55,892.00
15:09:54: 9,1,1.40,476.00
15:09:54: 10,1,1.55,476.00
15:09:54: 11,1,1.61,580.00
15:09:54: 12,1,1.61,580.00
15:09:54: 13,1,1.61,388.00
15:09:54: 14,1,1.47,356.00
15:09:54: 15,1,1.55,416.00
15:09:54: 16,1,1.55,372.00
15:09:54: 

15:09:54: CHANNEL,STATE,VOLTAGE,CURRENT
15:09:54: 1,1,1.61,844.00
15:09:54: 2,1,1.61,920.00
15:09:54: 3,1,1.40,308.00
15:09:54: 4,1,1.61,356.00
15:09:54: 5,1,1.61,732.00
15:09:54: 6,1,1.50,732.00
15:09:54: 7,1,1.61,924.00
15:09:54: 8,1,1.61,912.00
15:09:54: 9,1,1.40,492.00
15:09:54: 10,1,1.37,472.00
15:09:54: 11,1,1.61,612.00
15:09:54: 12,1,1.47,556.00
15:09:54: 13,1,1.61,364.00
15:09:54: 14,1,1.61,356.00
15:09:54: 15,1,1.60,388.00
15:09:54: 16,1,1.61,388.00
15:09:54: 

15:09:55: CHANNEL,STATE,VOLTAGE,CURRENT
15:09:55: 1,1,1.37,976.00
15:09:55: 2,1,1.40,980.00
15:09:55: 3,1,1.55,352.00
15:09:55: 4,1,1.40,356.00
15:09:55: 5,1,1.50,732.00
15:09:55: 6,1,1.40,756.00
15:09:55: 7,1,1.60,892.00
15:09:55: 8,1,1.61,924.00
15:09:55: 9,1,1.60,476.00
15:09:55: 10,1,1.61,492.00
15:09:55: 11,1,1.60,580.00
15:09:55: 12,1,1.40,580.00
15:09:55: 13,1,1.37,356.00
15:09:55: 14,1,1.55,372.00
15:09:55: 15,1,1.55,372.00
15:09:55: 16,1,1.61,420.00
15:09:55: 

15:09:55: CHANNEL,STATE,VOLTAGE,CURRENT
15:09:55: 1,1,1.55,788.00
15:09:55: 2,1,1.40,924.00
15:09:55: 3,1,1.55,324.00
15:09:55: 4,1,1.40,364.00
15:09:55: 5,1,1.60,700.00
15:09:55: 6,1,1.61,788.00
15:09:55: 7,1,1.55,888.00
15:09:55: 8,1,1.55,948.00
15:09:55: 9,1,1.37,444.00
15:09:55: 10,1,1.61,524.00
15:09:55: 11,1,1.37,532.00
15:09:55: 12,1,1.61,636.00
15:09:55: 13,1,1.51,356.00
15:09:55: 14,1,1.40,372.00
15:09:55: 15,1,1.55,388.00
15:09:55: 16,1,1.55,416.00
15:09:55: 

15:09:55: CHANNEL,STATE,VOLTAGE,CURRENT
15:09:55: 1,1,1.61,804.00
15:09:55: 2,1,1.40,980.00
15:09:55: 3,1,1.61,356.00
15:09:55: 4,1,1.37,364.00
15:09:55: 5,1,1.61,684.00
15:09:55: 6,1,1.53,788.00
15:09:55: 7,1,1.60,868.00
15:09:55: 8,1,1.61,976.00
15:09:55: 9,1,1.61,420.00
15:09:55: 10,1,1.61,548.00
15:09:55: 11,1,1.61,532.00
15:09:55: 12,1,1.53,664.00
15:09:55: 13,1,1.40,364.00
15:09:55: 14,1,1.40,364.00
15:09:55: 15,1,1.37,388.00
15:09:55: 16,1,1.61,388.00
15:09:55: 

15:09:56: CHANNEL,STATE,VOLTAGE,CURRENT
15:09:56: 1,1,1.61,924.00
15:09:56: 2,1,1.60,956.00
15:09:56: 3,1,1.61,356.00
15:09:56: 4,1,1.61,356.00
15:09:56: 5,1,1.61,700.00
15:09:56: 6,1,1.37,776.00
15:09:56: 7,1,1.50,892.00
15:09:56: 8,1,1.60,924.00
15:09:56: 9,1,1.40,476.00
15:09:56: 10,1,1.37,492.00
15:09:56: 11,1,1.50,580.00
15:09:56: 12,1,1.40,580.00
15:09:56: 13,1,1.40,388.00
15:09:56: 14,1,1.60,352.00
15:09:56: 15,1,1.55,408.00
15:09:56: 16,1,1.55,388.00
15:09:56: 

15:09:56: CHANNEL,STATE,VOLTAGE,CURRENT
15:09:56: 1,1,1.61,968.00
15:09:56: 2,1,1.61,948.00
15:09:56: 3,1,1.61,356.00
15:09:56: 4,1,1.37,324.00
15:09:56: 5,1,1.40,732.00
15:09:56: 6,1,1.61,732.00
15:09:56: 7,1,1.61,924.00
15:09:56: 8,1,1.37,924.00
15:09:56: 9,1,1.61,492.00
15:09:56: 10,1,1.55,476.00
15:09:56: 11,1,1.61,612.00
15:09:56: 12,1,1.61,568.00
15:09:56: 13,1,1.61,388.00
15:09:56: 14,1,1.55,356.00
15:09:56: 15,1,1.53,388.00
15:09:56: 16,1,1.37,372.00
15:09:56: 

15:09:57: CHANNEL,STATE,VOLTAGE,CURRENT
15:09:57: 1,1,1.50,860.00
15:09:57: 2,1,1.61,956.00
15:09:57: 3,1,1.61,356.00
15:09:57: 4,1,1.61,356.00
15:09:57: 5,1,1.61,732.00
15:09:57: 6,1,1.40,732.00
15:09:57: 7,1,1.50,924.00
15:09:57: 8,1,1.61,920.00
15:09:57: 9,1,1.51,492.00
15:09:57: 10,1,1.61,476.00
15:09:57: 11,1,1.50,580.00
15:09:57: 12,1,1.61,568.00
15:09:57: 13,1,1.61,364.00
15:09:57: 14,1,1.60,356.00
15:09:57: 15,1,1.37,388.00
15:09:57: 16,1,1.61,388.00
15:09:57: 

15:09:57: CHANNEL,STATE,VOLTAGE,CURRENT
15:09:57: 1,1,1.55,920.00
15:09:57: 2,1,1.61,968.00
15:09:57: 3,1,1.55,324.00
15:09:57: 4,1,1.40,364.00
15:09:57: 5,1,1.37,720.00
15:09:57: 6,1,1.61,776.00
15:09:57: 7,1,1.55,892.00
15:09:57: 8,1,1.40,948.00
15:09:57: 9,1,1.45,464.00
15:09:57: 10,1,1.61,524.00
15:09:57: 11,1,1.37,556.00
15:09:57: 12,1,1.61,612.00
15:09:57: 13,1,1.55,352.00
15:09:57: 14,1,1.51,388.00
15:09:57: 15,1,1.55,372.00
15:09:57: 16,1,1.61,388.00
15:09:57: 

15:09:58: CHANNEL,STATE,VOLTAGE,CURRENT
15:09:58: 1,1,1.61,892.00
15:09:58: 2,1,1.40,980.00
15:09:58: 3,1,1.60,356.00
15:09:58: 4,1,1.37,356.00
15:09:58: 5,1,1.37,696.00
15:09:58: 6,1,1.61,788.00
15:09:58: 7,1,1.37,880.00
15:09:58: 8,1,1.40,968.00
15:09:58: 9,1,1.61,420.00
15:09:58: 10,1,1.61,548.00
15:09:58: 11,1,1.37,524.00
15:09:58: 12,1,1.61,656.00
15:09:58: 13,1,1.61,356.00
15:09:58: 14,1,1.61,384.00
15:09:58: 15,1,1.61,388.00
15:09:58: 16,1,1.61,416.00
15:09:58: 

15:09:58: CHANNEL,STATE,VOLTAGE,CURRENT
15:09:58: 1,1,1.61,836.00
15:09:58: 2,1,1.61,948.00
15:09:58: 3,1,1.61,356.00
15:09:58: 4,1,1.33,324.00
15:09:58: 5,1,1.40,700.00
15:09:58: 6,1,1.61,788.00
15:09:58: 7,1,1.61,888.00
15:09:58: 8,1,1.40,980.00
15:09:58: 9,1,1.45,448.00
15:09:58: 10,1,1.50,524.00
15:09:58: 11,1,1.61,548.00
15:09:58: 12,1,1.61,612.00
15:09:58: 13,1,1.40,364.00
15:09:58: 14,1,1.37,356.00
15:09:58: 15,1,1.53,388.00
15:09:58: 16,1,1.37,388.00
15:09:58: 

15:09:59: CHANNEL,STATE,VOLTAGE,CURRENT
15:09:59: 1,1,1.61,968.00
15:09:59: 2,1,1.55,948.00
15:09:59: 3,1,1.53,364.00
15:09:59: 4,1,1.51,324.00
15:09:59: 5,1,1.51,732.00
15:09:59: 6,1,1.50,756.00
15:09:59: 7,1,1.55,924.00
15:09:59: 8,1,1.37,924.00
15:09:59: 9,1,1.61,476.00
15:09:59: 10,1,1.55,476.00
15:09:59: 11,1,1.40,580.00
15:09:59: 12,1,1.50,580.00
15:09:59: 13,1,1.61,388.00
15:09:59: 14,1,1.37,352.00
15:09:59: 15,1,1.61,420.00
15:09:59: 16,1,1.60,372.00
15:09:59: 

15:09:59: CHANNEL,STATE,VOLTAGE,CURRENT
15:09:59: 1,1,1.40,924.00
15:09:59: 2,1,1.37,892.00
15:09:59: 3,1,1.61,356.00
15:09:59: 4,1,1.61,356.00
15:09:59: 5,1,1.53,732.00
15:09:59: 6,1,1.40,732.00
15:09:59: 7,1,1.50,924.00
15:09:59: 8,1,1.50,924.00
15:09:59: 9,1,1.61,492.00
15:09:59: 10,1,1.55,476.00
15:09:59: 11,1,1.61,612.00
15:09:59: 12,1,1.55,568.00
15:09:59: 13,1,1.40,372.00
15:09:59: 14,1,1.53,364.00
15:09:59: 15,1,1.40,388.00
15:09:59: 16,1,1.61,388.00
15:09:59: 

15:09:59: CHANNEL,STATE,VOLTAGE,CURRENT
15:09:59: 1,1,1.61,952.00
15:09:59: 2,1,1.61,968.00
15:09:59: 3,1,1.40,352.00
15:09:59: 4,1,1.61,364.00
15:09:59: 5,1,1.61,732.00
15:09:59: 6,1,1.55,756.00
15:09:59: 7,1,1.45,892.00
15:09:59: 8,1,1.61,924.00
15:09:59: 9,1,1.53,476.00
15:09:59: 10,1,1.61,492.00
15:09:59: 11,1,1.55,580.00
15:09:59: 12,1,1.61,580.00
15:09:59: 13,1,1.55,356.00
15:09:59: 14,1,1.61,372.00
15:09:59: 15,1,1.53,388.00
15:09:59: 16,1,1.61,408.00
15:09:59: 

15:10:00: CHANNEL,STATE,VOLTAGE,CURRENT
15:10:00: 1,1,1.37,968.00
15:10:00: 2,1,1.61,968.00
15:10:00: 3,1,1.53,324.00
15:10:00: 4,1,1.61,364.00
15:10:00: 5,1,1.55,700.00
15:10:00: 6,1,1.61,788.00
15:10:00: 7,1,1.61,880.00
15:10:00: 8,1,1.40,924.00
15:10:00: 9,1,1.37,444.00
15:10:00: 10,1,1.61,532.00
15:10:00: 11,1,1.55,532.00
15:10:00: 12,1,1.40,636.00
15:10:00: 13,1,1.60,356.00
15:10:00: 14,1,1.61,388.00
15:10:00: 15,1,1.55,388.00
15:10:00: 16,1,1.61,416.00
15:10:00: 

15:10:00: CHANNEL,STATE,VOLTAGE,CURRENT
15:10:00: 1,1,1.61,844.00
15:10:00: 2,1,1.61,952.00
15:10:00: 3,1,1.35,324.00
15:10:00: 4,1,1.61,356.00
15:10:00: 5,1,1.40,684.00
15:10:00: 6,1,1.61,788.00
15:10:00: 7,1,1.40,868.00
15:10:00: 8,1,1.61,968.00
15:10:00: 9,1,1.61,420.00
15:10:00: 10,1,1.61,552.00
15:10:00: 11,1,1.61,524.00
15:10:00: 12,1,1.37,644.00
15:10:00: 13,1,1.61,364.00
15:10:00: 14,1,1.40,372.00
15:10:00: 15,1,1.61,388.00
15:10:00: 16,1,1.40,388.00
15:10:00: 

15:10:01: CHANNEL,STATE,VOLTAGE,CURRENT
15:10:01: 1,1,1.55,968.00
15:10:01: 2,1,1.60,952.00
15:10:01: 3,1,1.61,360.00
15:10:01: 4,1,1.45,356.00
15:10:01: 5,1,1.61,720.00
15:10:01: 6,1,1.60,784.00
15:10:01: 7,1,1.61,892.00
15:10:01: 8,1,1.60,924.00
15:10:01: 9,1,1.55,476.00
15:10:01: 10,1,1.60,492.00
15:10:01: 11,1,1.55,576.00
15:10:01: 12,1,1.55,612.00
15:10:01: 13,1,1.53,372.00
15:10:01: 14,1,1.37,364.00
15:10:01: 15,1,1.61,408.00
15:10:01: 16,1,1.50,372.00
15:10:01: 

15:10:01: CHANNEL,STATE,VOLTAGE,CURRENT
15:10:01: 1,1,1.40,924.00
15:10:01: 2,1,1.37,860.00
15:10:01: 3,1,1.61,360.00
15:10:01: 4,1,1.60,356.00
15:10:01: 5,1,1.61,756.00
15:10:01: 6,1,1.55,732.00
15:10:01: 7,1,1.61,924.00
15:10:01: 8,1,1.32,892.00
15:10:01: 9,1,1.61,492.00
15:10:01: 10,1,1.60,476.00
15:10:01: 11,1,1.55,612.00
15:10:01: 12,1,1.60,568.00
15:10:01: 13,1,1.55,372.00
15:10:01: 14,1,1.61,356.00
15:10:01: 15,1,1.40,420.00
15:10:01: 16,1,1.60,372.00
15:10:01: 

15:10:02: CHANNEL,STATE,VOLTAGE,CURRENT
15:10:02: 1,1,1.50,956.00
15:10:02: 2,1,1.61,968.00
15:10:02: 3,1,1.40,356.00
15:10:02: 4,1,1.61,356.00
15:10:02: 5,1,1.50,732.00
15:10:02: 6,1,1.47,732.00
15:10:02: 7,1,1.37,924.00
15:10:02: 8,1,1.61,924.00
15:10:02: 9,1,1.61,492.00
15:10:02: 10,1,1.61,476.00
15:10:02: 11,1,1.60,612.00
15:10:02: 12,1,1.61,576.00
15:10:02: 13,1,1.60,356.00
15:10:02: 14,1,1.45,356.00
15:10:02: 15,1,1.60,388.00
15:10:02: 16,1,1.61,388.00
15:10:02: 

15:10:02: CHANNEL,STATE,VOLTAGE,CURRENT
15:10:02: 1,1,1.55,948.00
15:10:02: 2,1,1.40,860.00
15:10:02: 3,1,1.37,324.00
15:10:02: 4,1,1.61,356.00
15:10:02: 5,1,1.55,700.00
15:10:02: 6,1,1.61,776.00
15:10:02: 7,1,1.37,892.00
15:10:02: 8,1,1.40,952.00
15:10:02: 9,1,1.37,464.00
15:10:02: 10,1,1.61,524.00
15:10:02: 11,1,1.55,568.00
15:10:02: 12,1,1.55,612.00
15:10:02: 13,1,1.60,356.00
15:10:02: 14,1,1.61,384.00
15:10:02: 15,1,1.51,388.00
15:10:02: 16,1,1.40,420.00
15:10:02: 

15:10:03: CHANNEL,STATE,VOLTAGE,CURRENT
15:10:03: 1,1,1.61,952.00
15:10:03: 2,1,1.61,968.00
15:10:03: 3,1,1.61,356.00
15:10:03: 4,1,1.61,356.00
15:10:03: 5,1,1.40,700.00
15:10:03: 6,1,1.45,788.00
15:10:03: 7,1,1.37,880.00
15:10:03: 8,1,1.61,976.00
15:10:03: 9,1,1.61,420.00
15:10:03: 10,1,1.61,548.00
15:10:03: 11,1,1.61,532.00
15:10:03: 12,1,1.61,656.00
15:10:03: 13,1,1.61,352.00
15:10:03: 14,1,1.53,364.00
15:10:03: 15,1,1.55,388.00
15:10:03: 16,1,1.50,388.00
15:10:03: 

15:10:03: CHANNEL,STATE,VOLTAGE,CURRENT
15:10:03: 1,1,1.61,924.00
15:10:03: 2,1,1.45,844.00
15:10:03: 3,1,1.55,356.00
15:10:03: 4,1,1.47,324.00
15:10:03: 5,1,1.55,700.00
15:10:03: 6,1,1.55,788.00
15:10:03: 7,1,1.61,880.00
15:10:03: 8,1,1.55,968.00
15:10:03: 9,1,1.61,472.00
15:10:03: 10,1,1.60,524.00
15:10:03: 11,1,1.40,568.00
15:10:03: 12,1,1.55,636.00
15:10:03: 13,1,1.40,356.00
15:10:03: 14,1,1.37,356.00
15:10:03: 15,1,1.55,388.00
15:10:03: 16,1,1.51,388.00
15:10:03: 

15:10:03: CHANNEL,STATE,VOLTAGE,CURRENT
15:10:03: 1,1,1.40,868.00
15:10:03: 2,1,1.55,948.00
15:10:03: 3,1,1.40,356.00
15:10:03: 4,1,1.37,324.00
15:10:03: 5,1,1.40,700.00
15:10:03: 6,1,1.55,756.00
15:10:03: 7,1,1.61,924.00
15:10:03: 8,1,1.60,924.00
15:10:03: 9,1,1.61,492.00
15:10:03: 10,1,1.55,492.00
15:10:03: 11,1,1.61,608.00
15:10:03: 12,1,1.60,580.00
15:10:03: 13,1,1.61,372.00
15:10:03: 14,1,1.55,324.00
15:10:03: 15,1,1.61,420.00
15:10:03: 16,1,1.37,388.00
15:10:03: 

15:10:04: CHANNEL,STATE,VOLTAGE,CURRENT
15:10:04: 1,1,1.55,892.00
15:10:04: 2,1,1.60,952.00
15:10:04: 3,1,1.61,356.00
15:10:04: 4,1,1.61,356.00
15:10:04: 5,1,1.50,732.00
15:10:04: 6,1,1.50,732.00
15:10:04: 7,1,1.37,924.00
15:10:04: 8,1,1.60,892.00
15:10:04: 9,1,1.61,492.00
15:10:04: 10,1,1.55,472.00
15:10:04: 11,1,1.50,612.00
15:10:04: 12,1,1.61,576.00
15:10:04: 13,1,1.61,364.00
15:10:04: 14,1,1.55,356.00
15:10:04: 15,1,1.61,408.00
15:10:04: 16,1,1.40,388.00
15:10:04: 

15:10:04: CHANNEL,STATE,VOLTAGE,CURRENT
15:10:04: 1,1,1.45,956.00
15:10:04: 2,1,1.40,980.00
15:10:04: 3,1,1.60,356.00
15:10:04: 4,1,1.45,356.00
15:10:04: 5,1,1.60,732.00
15:10:04: 6,1,1.61,756.00
15:10:04: 7,1,1.40,920.00
15:10:04: 8,1,1.50,924.00
15:10:04: 9,1,1.61,476.00
15:10:04: 10,1,1.40,492.00
15:10:04: 11,1,1.55,580.00
15:10:04: 12,1,1.61,580.00
15:10:04: 13,1,1.37,352.00
15:10:04: 14,1,1.61,372.00
15:10:04: 15,1,1.60,388.00
15:10:04: 16,1,1.55,420.00
15:10:04: 

15:10:05: CHANNEL,STATE,VOLTAGE,CURRENT
15:10:05: 1,1,1.60,836.00
15:10:05: 2,1,1.61,968.00
15:10:05: 3,1,1.60,356.00
15:10:05: 4,1,1.61,364.00
15:10:05: 5,1,1.55,700.00
15:10:05: 6,1,1.50,788.00
15:10:05: 7,1,1.60,888.00
15:10:05: 8,1,1.40,948.00
15:10:05: 9,1,1.51,444.00
15:10:05: 10,1,1.40,532.00
15:10:05: 11,1,1.55,532.00
15:10:05: 12,1,1.61,636.00
15:10:05: 13,1,1.37,356.00
15:10:05: 14,1,1.61,372.00
15:10:05: 15,1,1.60,388.00
15:10:05: 16,1,1.61,420.00
15:10:05: 

15:10:05: CHANNEL,STATE,VOLTAGE,CURRENT
15:10:05: 1,1,1.60,924.00
15:10:05: 2,1,1.61,948.00
15:10:05: 3,1,1.40,356.00
15:10:05: 4,1,1.50,324.00
15:10:05: 5,1,1.61,700.00
15:10:05: 6,1,1.61,788.00
15:10:05: 7,1,1.61,880.00
15:10:05: 8,1,1.61,968.00
15:10:05: 9,1,1.61,444.00
15:10:05: 10,1,1.40,548.00
15:10:05: 11,1,1.55,532.00
15:10:05: 12,1,1.37,640.00
15:10:05: 13,1,1.53,364.00
15:10:05: 14,1,1.61,364.00
15:10:05: 15,1,1.61,416.00
15:10:05: 16,1,1.61,420.00
15:10:05: 

15:10:06: CHANNEL,STATE,VOLTAGE,CURRENT
15:10:06: 1,1,1.61,968.00
15:10:06: 2,1,1.60,948.00
15:10:06: 3,1,1.61,356.00
15:10:06: 4,1,1.45,356.00
15:10:06: 5,1,1.40,700.00
15:10:06: 6,1,1.60,776.00
15:10:06: 7,1,1.61,892.00
15:10:06: 8,1,1.55,924.00
15:10:06: 9,1,1.40,472.00
15:10:06: 10,1,1.55,524.00
15:10:06: 11,1,1.40,568.00
15:10:06: 12,1,1.37,580.00
15:10:06: 13,1,1.61,372.00
15:10:06: 14,1,1.60,356.00
15:10:06: 15,1,1.61,420.00
15:10:06: 16,1,1.37,372.00
15:10:06: 

15:10:06: CHANNEL,STATE,VOLTAGE,CURRENT
15:10:06: 1,1,1.61,844.00
15:10:06: 2,1,1.55,892.00
15:10:06: 3,1,1.61,356.00
15:10:06: 4,1,1.50,324.00
15:10:06: 5,1,1.61,732.00
15:10:06: 6,1,1.55,732.00
15:10:06: 7,1,1.53,924.00
15:10:06: 8,1,1.60,920.00
15:10:06: 9,1,1.61,492.00
15:10:06: 10,1,1.50,472.00
15:10:06: 11,1,1.47,612.00
15:10:06: 12,1,1.37,552.00
15:10:06: 13,1,1.61,364.00
15:10:06: 14,1,1.60,324.00
15:10:06: 15,1,1.55,420.00
15:10:06: 16,1,1.60,388.00
15:10:06: 

15:10:07: CHANNEL,STATE,VOLTAGE,CURRENT
15:10:07: 1,1,1.61,844.00
15:10:07: 2,1,1.37,860.00
15:10:07: 3,1,1.61,356.00
15:10:07: 4,1,1.61,356.00
15:10:07: 5,1,1.61,756.00
15:10:07: 6,1,1.47,732.00
15:10:07: 7,1,1.61,924.00
15:10:07: 8,1,1.47,920.00
15:10:07: 9,1,1.37,492.00
15:10:07: 10,1,1.37,476.00
15:10:07: 11,1,1.55,612.00
15:10:07: 12,1,1.40,552.00
15:10:07: 13,1,1.40,356.00
15:10:07: 14,1,1.55,356.00
15:10:07: 15,1,1.55,388.00
15:10:07: 16,1,1.37,388.00
15:10:07: 

15:10:07: CHANNEL,STATE,VOLTAGE,CURRENT
15:10:07: 1,1,1.37,980.00
15:10:07: 2,1,1.40,864.00
15:10:07: 3,1,1.55,324.00
15:10:07: 4,1,1.61,356.00
15:10:07: 5,1,1.37,700.00
15:10:07: 6,1,1.40,756.00
15:10:07: 7,1,1.60,892.00
15:10:07: 8,1,1.61,948.00
15:10:07: 9,1,1.50,476.00
15:10:07: 10,1,1.61,524.00
15:10:07: 11,1,1.60,568.00
15:10:07: 12,1,1.50,612.00
15:10:07: 13,1,1.37,356.00
15:10:07: 14,1,1.61,372.00
15:10:07: 15,1,1.55,388.00
15:10:07: 16,1,1.40,388.00
15:10:07: 

15:10:07: CHANNEL,STATE,VOLTAGE,CURRENT
15:10:07: 1,1,1.53,968.00
15:10:07: 2,1,1.61,956.00
15:10:07: 3,1,1.61,356.00
15:10:07: 4,1,1.61,356.00
15:10:07: 5,1,1.37,684.00
15:10:07: 6,1,1.40,788.00
15:10:07: 7,1,1.55,864.00
15:10:07: 8,1,1.61,968.00
15:10:07: 9,1,1.37,444.00
15:10:07: 10,1,1.61,548.00
15:10:07: 11,1,1.47,524.00
15:10:07: 12,1,1.61,656.00
15:10:07: 13,1,1.61,356.00
15:10:07: 14,1,1.61,372.00
15:10:07: 15,1,1.40,388.00
15:10:07: 16,1,1.61,416.00
15:10:07: 

15:10:08: CHANNEL,STATE,VOLTAGE,CURRENT
15:10:08: 1,1,1.61,968.00
15:10:08: 2,1,1.61,952.00
15:10:08: 3,1,1.40,356.00
15:10:08: 4,1,1.37,352.00
15:10:08: 5,1,1.61,700.00
15:10:08: 6,1,1.61,788.00
15:10:08: 7,1,1.65,880.00
15:10:08: 8,1,1.60,968.00
15:10:08: 9,1,1.53,444.00
15:10:08: 10,1,1.60,532.00
15:10:08: 11,1,1.61,548.00
15:10:08: 12,1,1.60,636.00
15:10:08: 13,1,1.40,372.00
15:10:08: 14,1,1.60,372.00
15:10:08: 15,1,1.40,416.00
15:10:08: 16,1,1.60,388.00
15:10:08: 

15:10:08: CHANNEL,STATE,VOLTAGE,CURRENT
15:10:08: 1,1,1.40,924.00
15:10:08: 2,1,1.37,860.00
15:10:08: 3,1,1.53,324.00
15:10:08: 4,1,1.53,356.00
15:10:08: 5,1,1.61,732.00
15:10:08: 6,1,1.55,760.00
15:10:08: 7,1,1.61,892.00
15:10:08: 8,1,1.55,924.00
15:10:08: 9,1,1.55,476.00
15:10:08: 10,1,1.51,492.00
15:10:08: 11,1,1.50,580.00
15:10:08: 12,1,1.55,580.00
15:10:08: 13,1,1.61,364.00
15:10:08: 14,1,1.60,352.00
15:10:08: 15,1,1.40,420.00
15:10:08: 16,1,1.55,388.00
15:10:08: 

15:10:09: CHANNEL,STATE,VOLTAGE,CURRENT
15:10:09: 1,1,1.61,920.00
15:10:09: 2,1,1.55,968.00
15:10:09: 3,1,1.61,356.00
15:10:09: 4,1,1.61,324.00
15:10:09: 5,1,1.40,732.00
15:10:09: 6,1,1.37,732.00
15:10:09: 7,1,1.40,924.00
15:10:09: 8,1,1.61,892.00
15:10:09: 9,1,1.50,512.00
15:10:09: 10,1,1.61,476.00
15:10:09: 11,1,1.61,612.00
15:10:09: 12,1,1.40,568.00
15:10:09: 13,1,1.61,372.00
15:10:09: 14,1,1.40,356.00
15:10:09: 15,1,1.40,388.00
15:10:09: 16,1,1.61,388.00
15:10:09: 

15:10:09: CHANNEL,STATE,VOLTAGE,CURRENT
15:10:09: 1,1,1.60,948.00
15:10:09: 2,1,1.40,924.00
15:10:09: 3,1,1.50,324.00
15:10:09: 4,1,1.61,356.00
15:10:09: 5,1,1.37,732.00
15:10:09: 6,1,1.61,732.00
15:10:09: 7,1,1.60,924.00
15:10:09: 8,1,1.61,924.00
15:10:09: 9,1,1.55,476.00
15:10:09: 10,1,1.61,476.00
15:10:09: 11,1,1.37,580.00
15:10:09: 12,1,1.61,580.00
15:10:09: 13,1,1.47,324.00
15:10:09: 14,1,1.61,372.00
15:10:09: 15,1,1.60,388.00
15:10:09: 16,1,1.40,388.00
15:10:09: 

15:10:10: CHANNEL,STATE,VOLTAGE,CURRENT
15:10:10: 1,1,1.60,948.00
15:10:10: 2,1,1.61,788.00
15:10:10: 3,1,1.55,356.00
15:10:10: 4,1,1.61,356.00
15:10:10: 5,1,1.55,700.00
15:10:10: 6,1,1.61,784.00
15:10:10: 7,1,1.37,888.00
15:10:10: 8,1,1.61,952.00
15:10:10: 9,1,1.37,444.00
15:10:10: 10,1,1.61,524.00
15:10:10: 11,1,1.37,524.00
15:10:10: 12,1,1.55,612.00
15:10:10: 13,1,1.55,352.00
15:10:10: 14,1,1.55,372.00
15:10:10: 15,1,1.51,372.00
15:10:10: 16,1,1.55,420.00
15:10:10: 

15:10:10: CHANNEL,STATE,VOLTAGE,CURRENT
15:10:10: 1,1,1.61,948.00
15:10:10: 2,1,1.61,892.00
15:10:10: 3,1,1.40,356.00
15:10:10: 4,1,1.37,324.00
15:10:10: 5,1,1.60,684.00
15:10:10: 6,1,1.53,788.00
15:10:10: 7,1,1.55,844.00
15:10:10: 8,1,1.61,968.00
15:10:10: 9,1,1.45,420.00
15:10:10: 10,1,1.61,532.00
15:10:10: 11,1,1.60,524.00
15:10:10: 12,1,1.61,656.00
15:10:10: 13,1,1.51,356.00
15:10:10: 14,1,1.61,372.00
15:10:10: 15,1,1.53,388.00
15:10:10: 16,1,1.37,388.00
15:10:10: 

15:10:11: CHANNEL,STATE,VOLTAGE,CURRENT
15:10:11: 1,1,1.40,980.00
15:10:11: 2,1,1.37,860.00
15:10:11: 3,1,1.40,356.00
15:10:11: 4,1,1.37,324.00
15:10:11: 5,1,1.40,700.00
15:10:11: 6,1,1.55,784.00
15:10:11: 7,1,1.50,892.00
15:10:11: 8,1,1.55,948.00
15:10:11: 9,1,1.40,464.00
15:10:11: 10,1,1.61,524.00
15:10:11: 11,1,1.40,548.00
15:10:11: 12,1,1.50,612.00
15:10:11: 13,1,1.61,372.00
15:10:11: 14,1,1.37,356.00
15:10:11: 15,1,1.55,388.00
15:10:11: 16,1,1.37,388.00
15:10:11: 

15:10:11: CHANNEL,STATE,VOLTAGE,CURRENT
15:10:11: 1,1,1.61,844.00
15:10:11: 2,1,1.55,836.00
15:10:11: 3,1,1.55,356.00
15:10:11: 4,1,1.45,356.00
15:10:11: 5,1,1.61,732.00
15:10:11: 6,1,1.37,732.00
15:10:11: 7,1,1.61,924.00
15:10:11: 8,1,1.37,924.00
15:10:11: 9,1,1.61,492.00
15:10:11: 10,1,1.55,476.00
15:10:11: 11,1,1.61,612.00
15:10:11: 12,1,1.45,580.00
15:10:11: 13,1,1.40,388.00
15:10:11: 14,1,1.50,356.00
15:10:11: 15,1,1.61,388.00
15:10:11: 16,1,1.60,372.00
15:10:11: 

15:10:11: CHANNEL,STATE,VOLTAGE,CURRENT
15:10:11: 1,1,1.36,980.00
15:10:11: 2,1,1.61,952.00
15:10:11: 3,1,1.50,352.00
15:10:11: 4,1,1.40,356.00
15:10:11: 5,1,1.47,760.00
15:10:11: 6,1,1.61,732.00
15:10:11: 7,1,1.61,924.00
15:10:11: 8,1,1.61,892.00
15:10:11: 9,1,1.61,492.00
15:10:11: 10,1,1.40,476.00
15:10:11: 11,1,1.61,612.00
15:10:11: 12,1,1.37,556.00
15:10:11: 13,1,1.61,372.00
15:10:11: 14,1,1.40,356.00
15:10:11: 15,1,1.61,416.00
15:10:11: 16,1,1.40,372.00
15:10:11: 

15:10:12: CHANNEL,STATE,VOLTAGE,CURRENT
15:10:12: 1,1,1.37,976.00
15:10:12: 2,1,1.61,956.00
15:10:12: 3,1,1.60,356.00
15:10:12: 4,1,1.45,364.00
15:10:12: 5,1,1.59,720.00
15:10:12: 6,1,1.40,756.00
15:10:12: 7,1,1.55,892.00
15:10:12: 8,1,1.61,924.00
15:10:12: 9,1,1.55,476.00
15:10:12: 10,1,1.53,492.00
15:10:12: 11,1,1.55,580.00
15:10:12: 12,1,1.61,580.00
15:10:12: 13,1,1.59,356.00
15:10:12: 14,1,1.40,364.00
15:10:12: 15,1,1.53,388.00
15:10:12: 16,1,1.40,420.00
15:10:12: 

15:10:12: CHANNEL,STATE,VOLTAGE,CURRENT
15:10:12: 1,1,1.55,836.00
15:10:12: 2,1,1.40,980.00
15:10:12: 3,1,1.60,356.00
15:10:12: 4,1,1.61,356.00
15:10:12: 5,1,1.60,700.00
15:10:12: 6,1,1.43,788.00
15:10:12: 7,1,1.55,880.00
15:10:12: 8,1,1.61,956.00
15:10:12: 9,1,1.55,444.00
15:10:12: 10,1,1.61,532.00
15:10:12: 11,1,1.60,532.00
15:10:12: 12,1,1.61,636.00
15:10:12: 13,1,1.37,356.00
15:10:12: 14,1,1.40,388.00
15:10:12: 15,1,1.61,384.00
15:10:12: 16,1,1.40,388.00
15:10:12: 

15:10:13: CHANNEL,STATE,VOLTAGE,CURRENT
15:10:13: 1,1,1.60,968.00
15:10:13: 2,1,1.53,968.00
15:10:13: 3,1,1.37,324.00
15:10:13: 4,1,1.61,356.00
15:10:13: 5,1,1.40,684.00
15:10:13: 6,1,1.61,788.00
15:10:13: 7,1,1.61,864.00
15:10:13: 8,1,1.61,968.00
15:10:13: 9,1,1.61,420.00
15:10:13: 10,1,1.37,552.00
15:10:13: 11,1,1.37,532.00
15:10:13: 12,1,1.61,656.00
15:10:13: 13,1,1.55,356.00
15:10:13: 14,1,1.61,372.00
15:10:13: 15,1,1.51,388.00
15:10:13: 16,1,1.53,388.00
15:10:13: 

15:10:13: CHANNEL,STATE,VOLTAGE,CURRENT
15:10:13: 1,1,1.53,924.00
15:10:13: 2,1,1.60,956.00
15:10:13: 3,1,1.61,356.00
15:10:13: 4,1,1.53,356.00
15:10:13: 5,1,1.61,728.00
15:10:13: 6,1,1.55,784.00
15:10:13: 7,1,1.61,892.00
15:10:13: 8,1,1.37,948.00
15:10:13: 9,1,1.55,476.00
15:10:13: 10,1,1.55,492.00
15:10:13: 11,1,1.61,580.00
15:10:13: 12,1,1.40,612.00
15:10:13: 13,1,1.40,372.00
15:10:13: 14,1,1.55,356.00
15:10:13: 15,1,1.61,416.00
15:10:13: 16,1,1.37,372.00
15:10:13: 

15:10:14: CHANNEL,STATE,VOLTAGE,CURRENT
15:10:14: 1,1,1.61,968.00
15:10:14: 2,1,1.37,860.00
15:10:14: 3,1,1.61,364.00
15:10:14: 4,1,1.36,324.00
15:10:14: 5,1,1.61,732.00
15:10:14: 6,1,1.55,732.00
15:10:14: 7,1,1.40,912.00
15:10:14: 8,1,1.55,892.00
15:10:14: 9,1,1.51,492.00
15:10:14: 10,1,1.50,472.00
15:10:14: 11,1,1.61,612.00
15:10:14: 12,1,1.55,568.00
15:10:14: 13,1,1.61,388.00
15:10:14: 14,1,1.60,344.00
15:10:14: 15,1,1.61,416.00
15:10:14: 16,1,1.60,388.00
15:10:14: 

15:10:14: CHANNEL,STATE,VOLTAGE,CURRENT
15:10:14: 1,1,1.61,924.00
15:10:14: 2,1,1.37,892.00
15:10:14: 3,1,1.40,356.00
15:10:14: 4,1,1.50,324.00
15:10:14: 5,1,1.61,732.00
15:10:14: 6,1,1.55,732.00
15:10:14: 7,1,1.61,924.00
15:10:14: 8,1,1.61,892.00
15:10:14: 9,1,1.61,492.00
15:10:14: 10,1,1.40,476.00
15:10:14: 11,1,1.55,580.00
15:10:14: 12,1,1.61,568.00
15:10:14: 13,1,1.60,356.00
15:10:14: 14,1,1.61,364.00
15:10:14: 15,1,1.37,388.00
15:10:14: 16,1,1.61,388.00
15:10:14: 

15:10:15: CHANNEL,STATE,VOLTAGE,CURRENT
15:10:15: 1,1,1.50,844.00
15:10:15: 2,1,1.61,968.00
15:10:15: 3,1,1.60,356.00
15:10:15: 4,1,1.61,352.00
15:10:15: 5,1,1.55,720.00
15:10:15: 6,1,1.40,764.00
15:10:15: 7,1,1.50,880.00
15:10:15: 8,1,1.40,924.00
15:10:15: 9,1,1.60,464.00
15:10:15: 10,1,1.40,524.00
15:10:15: 11,1,1.37,556.00
15:10:15: 12,1,1.61,612.00
15:10:15: 13,1,1.60,356.00
15:10:15: 14,1,1.55,372.00
15:10:15: 15,1,1.37,372.00
15:10:15: 16,1,1.40,388.00
15:10:15: 

15:10:15: CHANNEL,STATE,VOLTAGE,CURRENT
15:10:15: 1,1,1.50,844.00
15:10:15: 2,1,1.61,952.00
15:10:15: 3,1,1.37,356.00
15:10:15: 4,1,1.53,356.00
15:10:15: 5,1,1.61,700.00
15:10:15: 6,1,1.61,788.00
15:10:15: 7,1,1.55,868.00
15:10:15: 8,1,1.61,968.00
15:10:15: 9,1,1.60,420.00
15:10:15: 10,1,1.61,548.00
15:10:15: 11,1,1.60,532.00
15:10:15: 12,1,1.61,656.00
15:10:15: 13,1,1.61,356.00
15:10:15: 14,1,1.35,372.00
15:10:15: 15,1,1.53,388.00
15:10:15: 16,1,1.40,420.00
15:10:15: 

15:10:15: CHANNEL,STATE,VOLTAGE,CURRENT
15:10:15: 1,1,1.61,844.00
15:10:15: 2,1,1.50,844.00
15:10:15: 3,1,1.55,324.00
15:10:15: 4,1,1.37,324.00
15:10:15: 5,1,1.61,700.00
15:10:15: 6,1,1.51,788.00
15:10:15: 7,1,1.61,880.00
15:10:15: 8,1,1.60,968.00
15:10:15: 9,1,1.55,448.00
15:10:15: 10,1,1.53,524.00
15:10:15: 11,1,1.61,552.00
15:10:15: 12,1,1.61,640.00
15:10:15: 13,1,1.61,372.00
15:10:15: 14,1,1.60,356.00
15:10:15: 15,1,1.40,388.00
15:10:15: 16,1,1.53,372.00
15:10:15: 

15:10:16: CHANNEL,STATE,VOLTAGE,CURRENT
15:10:16: 1,1,1.61,860.00
15:10:16: 2,1,1.33,860.00
15:10:16: 3,1,1.61,364.00
15:10:16: 4,1,1.37,356.00
15:10:16: 5,1,1.61,732.00
15:10:16: 6,1,1.51,756.00
15:10:16: 7,1,1.61,892.00
15:10:16: 8,1,1.60,924.00
15:10:16: 9,1,1.61,492.00
15:10:16: 10,1,1.55,492.00
15:10:16: 11,1,1.55,580.00
15:10:16: 12,1,1.40,580.00
15:10:16: 13,1,1.61,372.00
15:10:16: 14,1,1.55,356.00
15:10:16: 15,1,1.55,420.00
15:10:16: 16,1,1.55,388.00
15:10:16: 

15:10:16: CHANNEL,STATE,VOLTAGE,CURRENT
15:10:16: 1,1,1.61,956.00
15:10:16: 2,1,1.61,952.00
15:10:16: 3,1,1.47,324.00
15:10:16: 4,1,1.61,356.00
15:10:16: 5,1,1.50,756.00
15:10:16: 6,1,1.61,732.00
15:10:16: 7,1,1.61,924.00
15:10:16: 8,1,1.37,892.00
15:10:16: 9,1,1.40,492.00
15:10:16: 10,1,1.51,464.00
15:10:16: 11,1,1.61,612.00
15:10:16: 12,1,1.61,548.00
15:10:16: 13,1,1.61,364.00
15:10:16: 14,1,1.40,356.00
15:10:16: 15,1,1.53,388.00
15:10:16: 16,1,1.60,388.00
15:10:16: 

15:10:17: CHANNEL,STATE,VOLTAGE,CURRENT
15:10:17: 1,1,1.37,968.00
15:10:17: 2,1,1.55,844.00
15:10:17: 3,1,1.37,352.00
15:10:17: 4,1,1.61,356.00
15:10:17: 5,1,1.37,732.00
15:10:17: 6,1,1.40,732.00
15:10:17: 7,1,1.60,920.00
15:10:17: 8,1,1.40,920.00
15:10:17: 9,1,1.60,476.00
15:10:17: 10,1,1.61,476.00
15:10:17: 11,1,1.61,580.00
15:10:17: 12,1,1.55,580.00
15:10:17: 13,1,1.47,356.00
15:10:17: 14,1,1.61,372.00
15:10:17: 15,1,1.40,388.00
15:10:17: 16,1,1.55,388.00
15:10:17: 

15:10:17: CHANNEL,STATE,VOLTAGE,CURRENT
15:10:17: 1,1,1.60,836.00
15:10:17: 2,1,1.61,968.00
15:10:17: 3,1,1.55,324.00
15:10:17: 4,1,1.61,364.00
15:10:17: 5,1,1.55,700.00
15:10:17: 6,1,1.61,784.00
15:10:17: 7,1,1.45,892.00
15:10:17: 8,1,1.61,948.00
15:10:17: 9,1,1.50,444.00
15:10:17: 10,1,1.61,524.00
15:10:17: 11,1,1.60,548.00
15:10:17: 12,1,1.61,636.00
15:10:17: 13,1,1.37,356.00
15:10:17: 14,1,1.61,388.00
15:10:17: 15,1,1.53,372.00
15:10:17: 16,1,1.55,388.00
15:10:17: 

15:10:18: CHANNEL,STATE,VOLTAGE,CURRENT
15:10:18: 1,1,1.61,948.00
15:10:18: 2,1,1.55,844.00
15:10:18: 3,1,1.61,356.00
15:10:18: 4,1,1.53,324.00
15:10:18: 5,1,1.61,696.00
15:10:18: 6,1,1.50,804.00
15:10:18: 7,1,1.37,864.00
15:10:18: 8,1,1.61,976.00
15:10:18: 9,1,1.53,420.00
15:10:18: 10,1,1.40,532.00
15:10:18: 11,1,1.61,532.00
15:10:18: 12,1,1.40,656.00
15:10:18: 13,1,1.61,356.00
15:10:18: 14,1,1.40,372.00
15:10:18: 15,1,1.50,388.00
15:10:18: 16,1,1.61,388.00
15:10:18: 

15:10:18: CHANNEL,STATE,VOLTAGE,CURRENT
15:10:18: 1,1,1.60,844.00
15:10:18: 2,1,1.45,968.00
15:10:18: 3,1,1.61,356.00
15:10:18: 4,1,1.53,324.00
15:10:18: 5,1,1.40,700.00
15:10:18: 6,1,1.55,784.00
15:10:18: 7,1,1.40,880.00
15:10:18: 8,1,1.55,948.00
15:10:18: 9,1,1.61,464.00
15:10:18: 10,1,1.60,532.00
15:10:18: 11,1,1.61,568.00
15:10:18: 12,1,1.37,612.00
15:10:18: 13,1,1.40,364.00
15:10:18: 14,1,1.60,356.00
15:10:18: 15,1,1.40,388.00
15:10:18: 16,1,1.37,388.00
15:10:18: 

15:10:19: CHANNEL,STATE,VOLTAGE,CURRENT
15:10:19: 1,1,1.55,968.00
15:10:19: 2,1,1.60,892.00
15:10:19: 3,1,1.40,372.00
15:10:19: 4,1,1.60,356.00
15:10:19: 5,1,1.40,732.00
15:10:19: 6,1,1.59,732.00
15:10:19: 7,1,1.61,924.00
15:10:19: 8,1,1.61,924.00
15:10:19: 9,1,1.61,492.00
15:10:19: 10,1,1.61,476.00
15:10:19: 11,1,1.61,612.00
15:10:19: 12,1,1.61,580.00
15:10:19: 13,1,1.61,372.00
15:10:19: 14,1,1.55,352.00
15:10:19: 15,1,1.40,420.00
15:10:19: 16,1,1.50,384.00
15:10:19: 

15:10:19: CHANNEL,STATE,VOLTAGE,CURRENT
15:10:19: 1,1,1.40,860.00
15:10:19: 2,1,1.37,880.00
15:10:19: 3,1,1.60,356.00
15:10:19: 4,1,1.60,324.00
15:10:19: 5,1,1.55,756.00
15:10:19: 6,1,1.61,732.00
15:10:19: 7,1,1.60,924.00
15:10:19: 8,1,1.61,892.00
15:10:19: 9,1,1.61,520.00
15:10:19: 10,1,1.61,476.00
15:10:19: 11,1,1.55,612.00
15:10:19: 12,1,1.61,556.00
15:10:19: 13,1,1.61,372.00
15:10:19: 14,1,1.35,356.00
15:10:19: 15,1,1.55,420.00
15:10:19: 16,1,1.50,356.00
15:10:19: 

15:10:19: CHANNEL,STATE,VOLTAGE,CURRENT
15:10:19: 1,1,1.60,844.00
15:10:19: 2,1,1.61,968.00
15:10:19: 3,1,1.47,324.00
15:10:19: 4,1,1.61,356.00
15:10:19: 5,1,1.60,732.00
15:10:19: 6,1,1.61,756.00
15:10:19: 7,1,1.45,892.00
15:10:19: 8,1,1.61,924.00
15:10:19: 9,1,1.61,476.00
15:10:19: 10,1,1.40,492.00
15:10:19: 11,1,1.55,580.00
15:10:19: 12,1,1.61,580.00
15:10:19: 13,1,1.55,356.00
15:10:19: 14,1,1.61,372.00
15:10:19: 15,1,1.37,388.00
15:10:19: 16,1,1.61,416.00
15:10:19: 

15:10:20: CHANNEL,STATE,VOLTAGE,CURRENT
15:10:20: 1,1,1.55,892.00
15:10:20: 2,1,1.51,976.00
15:10:20: 3,1,1.61,356.00
15:10:20: 4,1,1.61,356.00
15:10:20: 5,1,1.55,684.00
15:10:20: 6,1,1.55,788.00
15:10:20: 7,1,1.50,888.00
15:10:20: 8,1,1.40,980.00
15:10:20: 9,1,1.55,444.00
15:10:20: 10,1,1.40,548.00
15:10:20: 11,1,1.55,532.00
15:10:20: 12,1,1.61,640.00
15:10:20: 13,1,1.60,356.00
15:10:20: 14,1,1.61,372.00
15:10:20: 15,1,1.55,372.00
15:10:20: 16,1,1.40,420.00
15:10:20: 

15:10:20: CHANNEL,STATE,VOLTAGE,CURRENT
15:10:20: 1,1,1.55,956.00
15:10:20: 2,1,1.61,924.00
15:10:20: 3,1,1.61,356.00
15:10:20: 4,1,1.61,356.00
15:10:20: 5,1,1.61,700.00
15:10:20: 6,1,1.61,788.00
15:10:20: 7,1,1.61,880.00
15:10:20: 8,1,1.61,980.00
15:10:20: 9,1,1.37,420.00
15:10:20: 10,1,1.61,552.00
15:10:20: 11,1,1.50,524.00
15:10:20: 12,1,1.61,640.00
15:10:20: 13,1,1.50,356.00
15:10:20: 14,1,1.37,372.00
15:10:20: 15,1,1.37,356.00
15:10:20: 16,1,1.61,416.00
15:10:20: 

15:10:21: CHANNEL,STATE,VOLTAGE,CURRENT
15:10:21: 1,1,1.61,892.00
15:10:21: 2,1,1.61,952.00
15:10:21: 3,1,1.47,324.00
15:10:21: 4,1,1.50,324.00
15:10:21: 5,1,1.61,700.00
15:10:21: 6,1,1.60,776.00
15:10:21: 7,1,1.61,892.00
15:10:21: 8,1,1.40,924.00
15:10:21: 9,1,1.61,476.00
15:10:21: 10,1,1.55,524.00
15:10:21: 11,1,1.61,580.00
15:10:21: 12,1,1.60,608.00
15:10:21: 13,1,1.61,364.00
15:10:21: 14,1,1.61,356.00
15:10:21: 15,1,1.61,388.00
15:10:21: 16,1,1.55,372.00
15:10:21: 

15:10:21: CHANNEL,STATE,VOLTAGE,CURRENT
15:10:21: 1,1,1.40,980.00
15:10:21: 2,1,1.51,844.00
15:10:21: 3,1,1.61,356.00
15:10:21: 4,1,1.60,356.00
15:10:21: 5,1,1.61,732.00
15:10:21: 6,1,1.51,732.00
15:10:21: 7,1,1.55,924.00
15:10:21: 8,1,1.45,920.00
15:10:21: 9,1,1.55,512.00
15:10:21: 10,1,1.60,476.00
15:10:21: 11,1,1.61,612.00
15:10:21: 12,1,1.61,576.00
15:10:21: 13,1,1.61,384.00
15:10:21: 14,1,1.60,356.00
15:10:21: 15,1,1.35,420.00
15:10:21: 16,1,1.55,372.00
15:10:21: 

15:10:22: CHANNEL,STATE,VOLTAGE,CURRENT
15:10:22: 1,1,1.61,844.00
15:10:22: 2,1,1.61,948.00
15:10:22: 3,1,1.61,356.00
15:10:22: 4,1,1.60,356.00
15:10:22: 5,1,1.61,732.00
15:10:22: 6,1,1.37,732.00
15:10:22: 7,1,1.61,924.00
15:10:22: 8,1,1.37,892.00
15:10:22: 9,1,1.61,492.00
15:10:22: 10,1,1.61,476.00
15:10:22: 11,1,1.61,608.00
15:10:22: 12,1,1.40,552.00
15:10:22: 13,1,1.61,372.00
15:10:22: 14,1,1.61,356.00
15:10:22: 15,1,1.61,420.00
15:10:22: 16,1,1.61,388.00
15:10:22: 

15:10:22: CHANNEL,STATE,VOLTAGE,CURRENT
15:10:22: 1,1,1.55,836.00
15:10:22: 2,1,1.61,924.00
15:10:22: 3,1,1.47,324.00
15:10:22: 4,1,1.61,356.00
15:10:22: 5,1,1.50,720.00
15:10:22: 6,1,1.40,756.00
15:10:22: 7,1,1.50,892.00
15:10:22: 8,1,1.40,924.00
15:10:22: 9,1,1.37,472.00
15:10:22: 10,1,1.61,512.00
15:10:22: 11,1,1.37,568.00
15:10:22: 12,1,1.40,608.00
15:10:22: 13,1,1.50,356.00
15:10:22: 14,1,1.61,372.00
15:10:22: 15,1,1.37,388.00
15:10:22: 16,1,1.53,420.00
15:10:22: 

15:10:23: CHANNEL,STATE,VOLTAGE,CURRENT
15:10:23: 1,1,1.55,836.00
15:10:23: 2,1,1.61,924.00
15:10:23: 3,1,1.55,352.00
15:10:23: 4,1,1.40,356.00
15:10:23: 5,1,1.60,684.00
15:10:23: 6,1,1.40,788.00
15:10:23: 7,1,1.60,864.00
15:10:23: 8,1,1.40,952.00
15:10:23: 9,1,1.55,420.00
15:10:23: 10,1,1.53,548.00
15:10:23: 11,1,1.37,520.00
15:10:23: 12,1,1.51,664.00
15:10:23: 13,1,1.37,324.00
15:10:23: 14,1,1.61,372.00
15:10:23: 15,1,1.51,388.00
15:10:23: 16,1,1.61,420.00
15:10:23: 

15:10:23: CHANNEL,STATE,VOLTAGE,CURRENT
15:10:23: 1,1,1.61,924.00
15:10:23: 2,1,1.61,956.00
15:10:23: 3,1,1.50,352.00
15:10:23: 4,1,1.61,356.00
15:10:23: 5,1,1.40,700.00
15:10:23: 6,1,1.61,788.00
15:10:23: 7,1,1.40,880.00
15:10:23: 8,1,1.60,976.00
15:10:23: 9,1,1.40,448.00
15:10:23: 10,1,1.53,548.00
15:10:23: 11,1,1.65,532.00
15:10:23: 12,1,1.40,636.00
15:10:23: 13,1,1.61,364.00
15:10:23: 14,1,1.37,364.00
15:10:23: 15,1,1.40,388.00
15:10:23: 16,1,1.61,388.00
15:10:23: 

15:10:23: CHANNEL,STATE,VOLTAGE,CURRENT
15:10:23: 1,1,1.40,924.00
15:10:23: 2,1,1.55,920.00
15:10:23: 3,1,1.50,356.00
15:10:23: 4,1,1.55,356.00
15:10:23: 5,1,1.43,732.00
15:10:23: 6,1,1.37,760.00
15:10:23: 7,1,1.61,892.00
15:10:23: 8,1,1.40,924.00
15:10:23: 9,1,1.40,476.00
15:10:23: 10,1,1.37,492.00
15:10:23: 11,1,1.61,580.00
15:10:23: 12,1,1.61,580.00
15:10:23: 13,1,1.55,372.00
15:10:23: 14,1,1.55,352.00
15:10:23: 15,1,1.61,420.00
15:10:23: 16,1,1.55,388.00
15:10:23: 

15:10:24: CHANNEL,STATE,VOLTAGE,CURRENT
15:10:24: 1,1,1.61,968.00
15:10:24: 2,1,1.60,952.00
15:10:24: 3,1,1.61,356.00
15:10:24: 4,1,1.60,356.00
15:10:24: 5,1,1.40,756.00
15:10:24: 6,1,1.37,732.00
15:10:24: 7,1,1.55,924.00
15:10:24: 8,1,1.60,892.00
15:10:24: 9,1,1.61,492.00
15:10:24: 10,1,1.45,472.00
15:10:24: 11,1,1.55,612.00
15:10:24: 12,1,1.55,532.00
15:10:24: 13,1,1.61,356.00
15:10:24: 14,1,1.40,356.00
15:10:24: 15,1,1.40,388.00
15:10:24: 16,1,1.50,384.00
15:10:24: 

15:10:24: CHANNEL,STATE,VOLTAGE,CURRENT
15:10:24: 1,1,1.61,892.00
15:10:24: 2,1,1.61,956.00
15:10:24: 3,1,1.37,324.00
15:10:24: 4,1,1.40,356.00
15:10:24: 5,1,1.45,732.00
15:10:24: 6,1,1.40,732.00
15:10:24: 7,1,1.61,924.00
15:10:24: 8,1,1.40,920.00
15:10:24: 9,1,1.37,492.00
15:10:24: 10,1,1.61,476.00
15:10:24: 11,1,1.55,580.00
15:10:24: 12,1,1.37,576.00
15:10:24: 13,1,1.51,356.00
15:10:24: 14,1,1.61,364.00
15:10:24: 15,1,1.60,388.00
15:10:24: 16,1,1.55,372.00
15:10:24: 

15:10:25: CHANNEL,STATE,VOLTAGE,CURRENT
15:10:25: 1,1,1.51,952.00
15:10:25: 2,1,1.61,968.00
15:10:25: 3,1,1.61,356.00
15:10:25: 4,1,1.61,356.00
15:10:25: 5,1,1.55,700.00
15:10:25: 6,1,1.61,776.00
15:10:25: 7,1,1.60,892.00
15:10:25: 8,1,1.61,952.00
15:10:25: 9,1,1.53,444.00
15:10:25: 10,1,1.50,524.00
15:10:25: 11,1,1.60,532.00
15:10:25: 12,1,1.61,612.00
15:10:25: 13,1,1.55,364.00
15:10:25: 14,1,1.61,388.00
15:10:25: 15,1,1.47,388.00
15:10:25: 16,1,1.61,420.00
15:10:25: 

15:10:25: CHANNEL,STATE,VOLTAGE,CURRENT
15:10:25: 1,1,1.61,924.00
15:10:25: 2,1,1.61,952.00
15:10:25: 3,1,1.50,324.00
15:10:25: 4,1,1.40,352.00
15:10:25: 5,1,1.61,684.00
15:10:25: 6,1,1.61,788.00
15:10:25: 7,1,1.61,864.00
15:10:25: 8,1,1.61,968.00
15:10:25: 9,1,1.61,420.00
15:10:25: 10,1,1.61,532.00
15:10:25: 11,1,1.37,532.00
15:10:25: 12,1,1.61,664.00
15:10:25: 13,1,1.55,356.00
15:10:25: 14,1,1.55,372.00
15:10:25: 15,1,1.51,388.00
15:10:25: 16,1,1.61,388.00
15:10:25: 

15:10:26: CHANNEL,STATE,VOLTAGE,CURRENT
15:10:26: 1,1,1.61,844.00
15:10:26: 2,1,1.37,860.00
15:10:26: 3,1,1.40,356.00
15:10:26: 4,1,1.55,352.00
15:10:26: 5,1,1.61,700.00
15:10:26: 6,1,1.55,784.00
15:10:26: 7,1,1.61,868.00
15:10:26: 8,1,1.60,948.00
15:10:26: 9,1,1.61,452.00
15:10:26: 10,1,1.37,524.00
15:10:26: 11,1,1.40,556.00
15:10:26: 12,1,1.60,612.00
15:10:26: 13,1,1.55,364.00
15:10:26: 14,1,1.55,356.00
15:10:26: 15,1,1.40,408.00
15:10:26: 16,1,1.55,372.00
15:10:26: 

15:10:26: CHANNEL,STATE,VOLTAGE,CURRENT
15:10:26: 1,1,1.51,976.00
15:10:26: 2,1,1.55,892.00
15:10:26: 3,1,1.37,356.00
15:10:26: 4,1,1.55,324.00
15:10:26: 5,1,1.61,732.00
15:10:26: 6,1,1.55,732.00
15:10:26: 7,1,1.61,892.00
15:10:26: 8,1,1.37,920.00
15:10:26: 9,1,1.61,492.00
15:10:26: 10,1,1.37,476.00
15:10:26: 11,1,1.61,608.00
15:10:26: 12,1,1.55,580.00
15:10:26: 13,1,1.55,388.00
15:10:26: 14,1,1.55,356.00
15:10:26: 15,1,1.61,416.00
15:10:26: 16,1,1.37,372.00
15:10:26: 

15:10:27: CHANNEL,STATE,VOLTAGE,CURRENT
15:10:27: 1,1,1.61,924.00
15:10:27: 2,1,1.37,860.00
15:10:27: 3,1,1.37,352.00
15:10:27: 4,1,1.60,356.00
15:10:27: 5,1,1.40,732.00
15:10:27: 6,1,1.61,732.00
15:10:27: 7,1,1.61,924.00
15:10:27: 8,1,1.61,892.00
15:10:27: 9,1,1.50,492.00
15:10:27: 10,1,1.45,476.00
15:10:27: 11,1,1.61,612.00
15:10:27: 12,1,1.40,552.00
15:10:27: 13,1,1.55,372.00
15:10:27: 14,1,1.53,356.00
15:10:27: 15,1,1.40,388.00
15:10:27: 16,1,1.40,388.00
15:10:27: 

15:10:27: CHANNEL,STATE,VOLTAGE,CURRENT
15:10:27: 1,1,1.61,892.00
15:10:27: 2,1,1.40,976.00
15:10:27: 3,1,1.60,324.00
15:10:27: 4,1,1.61,356.00
15:10:27: 5,1,1.37,732.00
15:10:27: 6,1,1.61,732.00
15:10:27: 7,1,1.37,920.00
15:10:27: 8,1,1.61,924.00
15:10:27: 9,1,1.37,492.00
15:10:27: 10,1,1.61,476.00
15:10:27: 11,1,1.55,580.00
15:10:27: 12,1,1.40,580.00
15:10:27: 13,1,1.55,356.00
15:10:27: 14,1,1.61,388.00
15:10:27: 15,1,1.53,388.00
15:10:27: 16,1,1.61,420.00
15:10:27: 

15:10:27: CHANNEL,STATE,VOLTAGE,CURRENT
15:10:27: 1,1,1.50,956.00
15:10:27: 2,1,1.37,880.00
15:10:27: 3,1,1.37,324.00
15:10:27: 4,1,1.61,356.00
15:10:27: 5,1,1.60,700.00
15:10:27: 6,1,1.61,788.00
15:10:27: 7,1,1.55,880.00
15:10:27: 8,1,1.61,956.00
15:10:27: 9,1,1.37,444.00
15:10:27: 10,1,1.37,532.00
15:10:27: 11,1,1.55,548.00
15:10:27: 12,1,1.40,636.00
15:10:27: 13,1,1.60,356.00
15:10:27: 14,1,1.61,388.00
15:10:27: 15,1,1.37,388.00
15:10:27: 16,1,1.40,388.00
15:10:27: 

15:10:28: CHANNEL,STATE,VOLTAGE,CURRENT
15:10:28: 1,1,1.53,956.00
15:10:28: 2,1,1.60,956.00
15:10:28: 3,1,1.40,356.00
15:10:28: 4,1,1.37,324.00
15:10:28: 5,1,1.60,700.00
15:10:28: 6,1,1.51,788.00
15:10:28: 7,1,1.61,860.00
15:10:28: 8,1,1.61,968.00
15:10:28: 9,1,1.61,420.00
15:10:28: 10,1,1.61,532.00
15:10:28: 11,1,1.61,532.00
15:10:28: 12,1,1.53,636.00
15:10:28: 13,1,1.61,356.00
15:10:28: 14,1,1.61,364.00
15:10:28: 15,1,1.50,388.00
15:10:28: 16,1,1.61,388.00
15:10:28: 

15:10:28: CHANNEL,STATE,VOLTAGE,CURRENT
15:10:28: 1,1,1.55,976.00
15:10:28: 2,1,1.53,924.00
15:10:28: 3,1,1.40,356.00
15:10:28: 4,1,1.60,356.00
15:10:28: 5,1,1.40,700.00
15:10:28: 6,1,1.60,784.00
15:10:28: 7,1,1.55,892.00
15:10:28: 8,1,1.61,948.00
15:10:28: 9,1,1.61,464.00
15:10:28: 10,1,1.55,520.00
15:10:28: 11,1,1.61,568.00
15:10:28: 12,1,1.55,580.00
15:10:28: 13,1,1.61,372.00
15:10:28: 14,1,1.60,352.00
15:10:28: 15,1,1.37,388.00
15:10:28: 16,1,1.51,372.00
15:10:28: 

15:10:29: CHANNEL,STATE,VOLTAGE,CURRENT
15:10:29: 1,1,1.61,956.00
15:10:29: 2,1,1.37,860.00
15:10:29: 3,1,1.61,356.00
15:10:29: 4,1,1.37,324.00
15:10:29: 5,1,1.61,732.00
15:10:29: 6,1,1.60,732.00
15:10:29: 7,1,1.61,912.00
15:10:29: 8,1,1.45,924.00
15:10:29: 9,1,1.61,492.00
15:10:29: 10,1,1.37,476.00
15:10:29: 11,1,1.61,612.00
15:10:29: 12,1,1.55,580.00
15:10:29: 13,1,1.61,388.00
15:10:29: 14,1,1.55,324.00
15:10:29: 15,1,1.61,420.00
15:10:29: 16,1,1.55,372.00
15:10:29: 

15:10:29: CHANNEL,STATE,VOLTAGE,CURRENT
15:10:29: 1,1,1.55,968.00
15:10:29: 2,1,1.40,860.00
15:10:29: 3,1,1.61,356.00
15:10:29: 4,1,1.61,356.00
15:10:29: 5,1,1.47,732.00
15:10:29: 6,1,1.40,732.00
15:10:29: 7,1,1.61,924.00
15:10:29: 8,1,1.40,892.00
15:10:29: 9,1,1.61,512.00
15:10:29: 10,1,1.61,464.00
15:10:29: 11,1,1.60,612.00
15:10:29: 12,1,1.55,576.00
15:10:29: 13,1,1.61,364.00
15:10:29: 14,1,1.61,356.00
15:10:29: 15,1,1.61,388.00
15:10:29: 16,1,1.55,388.00
15:10:29: 

15:10:30: CHANNEL,STATE,VOLTAGE,CURRENT
15:10:30: 1,1,1.55,948.00
15:10:30: 2,1,1.61,956.00
15:10:30: 3,1,1.37,324.00
15:10:30: 4,1,1.40,356.00
15:10:30: 5,1,1.60,732.00
15:10:30: 6,1,1.55,756.00
15:10:30: 7,1,1.60,892.00
15:10:30: 8,1,1.61,924.00
15:10:30: 9,1,1.55,476.00
15:10:30: 10,1,1.61,476.00
15:10:30: 11,1,1.55,580.00
15:10:30: 12,1,1.61,608.00
15:10:30: 13,1,1.60,356.00
15:10:30: 14,1,1.40,364.00
15:10:30: 15,1,1.60,388.00
15:10:30: 16,1,1.40,420.00
15:10:30: 

15:10:30: CHANNEL,STATE,VOLTAGE,CURRENT
15:10:30: 1,1,1.60,892.00
15:10:30: 2,1,1.40,864.00
15:10:30: 3,1,1.37,324.00
15:10:30: 4,1,1.61,356.00
15:10:30: 5,1,1.55,700.00
15:10:30: 6,1,1.45,788.00
15:10:30: 7,1,1.60,880.00
15:10:30: 8,1,1.61,956.00
15:10:30: 9,1,1.55,420.00
15:10:30: 10,1,1.61,524.00
15:10:30: 11,1,1.37,532.00
15:10:30: 12,1,1.61,640.00
15:10:30: 13,1,1.60,356.00
15:10:30: 14,1,1.61,384.00
15:10:30: 15,1,1.60,388.00
15:10:30: 16,1,1.61,416.00
15:10:30: 

15:10:31: CHANNEL,STATE,VOLTAGE,CURRENT
15:10:31: 1,1,1.37,976.00
15:10:31: 2,1,1.61,968.00
15:10:31: 3,1,1.61,356.00
15:10:31: 4,1,1.37,324.00
15:10:31: 5,1,1.60,684.00
15:10:31: 6,1,1.53,788.00
15:10:31: 7,1,1.40,860.00
15:10:31: 8,1,1.61,968.00
15:10:31: 9,1,1.40,420.00
15:10:31: 10,1,1.61,548.00
15:10:31: 11,1,1.50,524.00
15:10:31: 12,1,1.61,668.00
15:10:31: 13,1,1.60,356.00
15:10:31: 14,1,1.61,372.00
15:10:31: 15,1,1.37,388.00
15:10:31: 16,1,1.60,388.00
15:10:31: 

15:10:31: CHANNEL,STATE,VOLTAGE,CURRENT
15:10:31: 1,1,1.61,892.00
15:10:31: 2,1,1.37,860.00
15:10:31: 3,1,1.61,356.00
15:10:31: 4,1,1.55,352.00
15:10:31: 5,1,1.40,700.00
15:10:31: 6,1,1.55,776.00
15:10:31: 7,1,1.61,892.00
15:10:31: 8,1,1.55,924.00
15:10:31: 9,1,1.61,476.00
15:10:31: 10,1,1.60,476.00
15:10:31: 11,1,1.40,568.00
15:10:31: 12,1,1.50,612.00
15:10:31: 13,1,1.61,372.00
15:10:31: 14,1,1.55,356.00
15:10:31: 15,1,1.61,388.00
15:10:31: 16,1,1.37,372.00
15:10:31: 

15:10:31: CHANNEL,STATE,VOLTAGE,CURRENT
15:10:31: 1,1,1.61,844.00
15:10:31: 2,1,1.37,860.00
15:10:31: 3,1,1.61,356.00
15:10:31: 4,1,1.61,356.00
15:10:31: 5,1,1.61,732.00
15:10:31: 6,1,1.37,732.00
15:10:31: 7,1,1.61,920.00
15:10:31: 8,1,1.55,892.00
15:10:31: 9,1,1.51,492.00
15:10:31: 10,1,1.61,472.00
15:10:31: 11,1,1.61,612.00
15:10:31: 12,1,1.60,568.00
15:10:31: 13,1,1.61,372.00
15:10:31: 14,1,1.60,356.00
15:10:31: 15,1,1.61,420.00
15:10:31: 16,1,1.47,364.00
15:10:31: 

15:10:32: CHANNEL,STATE,VOLTAGE,CURRENT
15:10:32: 1,1,1.61,952.00
15:10:32: 2,1,1.50,844.00
15:10:32: 3,1,1.47,324.00
15:10:32: 4,1,1.61,356.00
15:10:32: 5,1,1.40,732.00
15:10:32: 6,1,1.61,732.00
15:10:32: 7,1,1.61,924.00
15:10:32: 8,1,1.61,892.00
15:10:32: 9,1,1.50,492.00
15:10:32: 10,1,1.61,472.00
15:10:32: 11,1,1.61,612.00
15:10:32: 12,1,1.40,556.00
15:10:32: 13,1,1.40,372.00
15:10:32: 14,1,1.60,364.00
15:10:32: 15,1,1.61,388.00
15:10:32: 16,1,1.37,372.00
15:10:32: 

15:10:32: CHANNEL,STATE,VOLTAGE,CURRENT
15:10:32: 1,1,1.51,956.00
15:10:32: 2,1,1.55,968.00
15:10:32: 3,1,1.55,356.00
15:10:32: 4,1,1.61,324.00
15:10:32: 5,1,1.55,728.00
15:10:32: 6,1,1.61,756.00
15:10:32: 7,1,1.55,892.00
15:10:32: 8,1,1.61,924.00
15:10:32: 9,1,1.51,464.00
15:10:32: 10,1,1.61,492.00
15:10:32: 11,1,1.61,576.00
15:10:32: 12,1,1.61,608.00
15:10:32: 13,1,1.55,356.00
15:10:32: 14,1,1.40,372.00
15:10:32: 15,1,1.60,388.00
15:10:32: 16,1,1.61,416.00
15:10:32: 

15:10:33: CHANNEL,STATE,VOLTAGE,CURRENT
15:10:33: 1,1,1.37,968.00
15:10:33: 2,1,1.61,968.00
15:10:33: 3,1,1.55,352.00
15:10:33: 4,1,1.61,356.00
15:10:33: 5,1,1.55,700.00
15:10:33: 6,1,1.40,788.00
15:10:33: 7,1,1.55,888.00
15:10:33: 8,1,1.55,956.00
15:10:33: 9,1,1.37,420.00
15:10:33: 10,1,1.61,532.00
15:10:33: 11,1,1.55,524.00
15:10:33: 12,1,1.37,640.00
15:10:33: 13,1,1.37,356.00
15:10:33: 14,1,1.61,372.00
15:10:33: 15,1,1.55,372.00
15:10:33: 16,1,1.50,416.00
15:10:33: 

15:10:33: CHANNEL,STATE,VOLTAGE,CURRENT
15:10:33: 1,1,1.61,920.00
15:10:33: 2,1,1.61,952.00
15:10:33: 3,1,1.51,324.00
15:10:33: 4,1,1.61,356.00
15:10:33: 5,1,1.61,684.00
15:10:33: 6,1,1.40,788.00
15:10:33: 7,1,1.40,868.00
15:10:33: 8,1,1.40,968.00
15:10:33: 9,1,1.45,420.00
15:10:33: 10,1,1.61,532.00
15:10:33: 11,1,1.61,524.00
15:10:33: 12,1,1.55,644.00
15:10:33: 13,1,1.40,356.00
15:10:33: 14,1,1.61,356.00
15:10:33: 15,1,1.53,388.00
15:10:33: 16,1,1.61,388.00
15:10:33: 

15:10:34: CHANNEL,STATE,VOLTAGE,CURRENT
15:10:34: 1,1,1.51,976.00
15:10:34: 2,1,1.55,892.00
15:10:34: 3,1,1.40,356.00
15:10:34: 4,1,1.55,324.00
15:10:34: 5,1,1.55,700.00
15:10:34: 6,1,1.50,764.00
15:10:34: 7,1,1.55,892.00
15:10:34: 8,1,1.60,924.00
15:10:34: 9,1,1.40,476.00
15:10:34: 10,1,1.60,492.00
15:10:34: 11,1,1.40,580.00
15:10:34: 12,1,1.55,580.00
15:10:34: 13,1,1.61,372.00
15:10:34: 14,1,1.55,352.00
15:10:34: 15,1,1.61,416.00
15:10:34: 16,1,1.55,388.00
15:10:34: 

15:10:34: CHANNEL,STATE,VOLTAGE,CURRENT
15:10:34: 1,1,1.55,976.00
15:10:34: 2,1,1.32,924.00
15:10:34: 3,1,1.61,356.00
15:10:34: 4,1,1.37,324.00
15:10:34: 5,1,1.61,732.00
15:10:34: 6,1,1.51,732.00
15:10:34: 7,1,1.61,924.00
15:10:34: 8,1,1.61,892.00
15:10:34: 9,1,1.61,492.00
15:10:34: 10,1,1.37,472.00
15:10:34: 11,1,1.40,608.00
15:10:34: 12,1,1.61,576.00
15:10:34: 13,1,1.45,372.00
15:10:34: 14,1,1.37,356.00
15:10:34: 15,1,1.61,408.00
15:10:34: 16,1,1.61,388.00
15:10:34: 

15:10:35: CHANNEL,STATE,VOLTAGE,CURRENT
15:10:35: 1,1,1.61,892.00
15:10:35: 2,1,1.50,844.00
15:10:35: 3,1,1.60,356.00
15:10:35: 4,1,1.40,324.00
15:10:35: 5,1,1.61,732.00
15:10:35: 6,1,1.61,732.00
15:10:35: 7,1,1.55,924.00
15:10:35: 8,1,1.40,892.00
15:10:35: 9,1,1.61,492.00
15:10:35: 10,1,1.40,476.00
15:10:35: 11,1,1.37,580.00
15:10:35: 12,1,1.61,580.00
15:10:35: 13,1,1.40,356.00
15:10:35: 14,1,1.61,364.00
15:10:35: 15,1,1.55,388.00
15:10:35: 16,1,1.61,388.00
15:10:35: 

15:10:35: CHANNEL,STATE,VOLTAGE,CURRENT
15:10:35: 1,1,1.50,836.00
15:10:35: 2,1,1.55,892.00
15:10:35: 3,1,1.60,352.00
15:10:35: 4,1,1.50,352.00
15:10:35: 5,1,1.60,700.00
15:10:35: 6,1,1.61,760.00
15:10:35: 7,1,1.60,892.00
15:10:35: 8,1,1.40,924.00
15:10:35: 9,1,1.55,448.00
15:10:35: 10,1,1.61,492.00
15:10:35: 11,1,1.59,568.00
15:10:35: 12,1,1.61,612.00
15:10:35: 13,1,1.55,356.00
15:10:35: 14,1,1.61,388.00
15:10:35: 15,1,1.37,372.00
15:10:35: 16,1,1.61,408.00
15:10:35: 

15:10:35: CHANNEL,STATE,VOLTAGE,CURRENT
15:10:35: 1,1,1.60,844.00
15:10:35: 2,1,1.61,924.00
15:10:35: 3,1,1.61,356.00
15:10:35: 4,1,1.55,324.00
15:10:35: 5,1,1.53,684.00
15:10:35: 6,1,1.61,788.00
15:10:35: 7,1,1.50,860.00
15:10:35: 8,1,1.40,956.00
15:10:35: 9,1,1.37,420.00
15:10:35: 10,1,1.61,548.00
15:10:35: 11,1,1.60,524.00
15:10:35: 12,1,1.61,656.00
15:10:35: 13,1,1.37,356.00
15:10:35: 14,1,1.40,356.00
15:10:35: 15,1,1.55,388.00
15:10:35: 16,1,1.40,416.00
15:10:35: 

15:10:36: CHANNEL,STATE,VOLTAGE,CURRENT
15:10:36: 1,1,1.61,968.00
15:10:36: 2,1,1.37,892.00
15:10:36: 3,1,1.40,324.00
15:10:36: 4,1,1.55,356.00
15:10:36: 5,1,1.61,684.00
15:10:36: 6,1,1.40,788.00
15:10:36: 7,1,1.40,844.00
15:10:36: 8,1,1.61,952.00
15:10:36: 9,1,1.40,408.00
15:10:36: 10,1,1.61,548.00
15:10:36: 11,1,1.40,548.00
15:10:36: 12,1,1.61,656.00
15:10:36: 13,1,1.40,372.00
15:10:36: 14,1,1.61,372.00
15:10:36: 15,1,1.61,388.00
15:10:36: 16,1,1.51,388.00
15:10:36: 

15:10:36: CHANNEL,STATE,VOLTAGE,CURRENT
15:10:36: 1,1,1.53,968.00
15:10:36: 2,1,1.61,952.00
15:10:36: 3,1,1.40,356.00
15:10:36: 4,1,1.50,324.00
15:10:36: 5,1,1.55,732.00
15:10:36: 6,1,1.55,764.00
15:10:36: 7,1,1.55,892.00
15:10:36: 8,1,1.55,924.00
15:10:36: 9,1,1.61,476.00
15:10:36: 10,1,1.61,492.00
15:10:36: 11,1,1.61,580.00
15:10:36: 12,1,1.55,580.00
15:10:36: 13,1,1.61,388.00
15:10:36: 14,1,1.55,324.00
15:10:36: 15,1,1.40,388.00
15:10:36: 16,1,1.53,372.00
15:10:36: 

15:10:37: CHANNEL,STATE,VOLTAGE,CURRENT
15:10:37: 1,1,1.61,844.00
15:10:37: 2,1,1.55,952.00
15:10:37: 3,1,1.55,356.00
15:10:37: 4,1,1.61,356.00
15:10:37: 5,1,1.61,732.00
15:10:37: 6,1,1.37,732.00
15:10:37: 7,1,1.50,924.00
15:10:37: 8,1,1.60,892.00
15:10:37: 9,1,1.40,492.00
15:10:37: 10,1,1.37,464.00
15:10:37: 11,1,1.61,612.00
15:10:37: 12,1,1.61,568.00
15:10:37: 13,1,1.40,356.00
15:10:37: 14,1,1.40,344.00
15:10:37: 15,1,1.55,388.00
15:10:37: 16,1,1.61,388.00
15:10:37: 

15:10:37: CHANNEL,STATE,VOLTAGE,CURRENT
15:10:37: 1,1,1.37,980.00
15:10:37: 2,1,1.61,956.00
15:10:37: 3,1,1.47,324.00
15:10:37: 4,1,1.40,356.00
15:10:37: 5,1,1.37,732.00
15:10:37: 6,1,1.40,732.00
15:10:37: 7,1,1.53,924.00
15:10:37: 8,1,1.61,920.00
15:10:37: 9,1,1.55,492.00
15:10:37: 10,1,1.40,476.00
15:10:37: 11,1,1.37,608.00
15:10:37: 12,1,1.61,580.00
15:10:37: 13,1,1.61,364.00
15:10:37: 14,1,1.61,372.00
15:10:37: 15,1,1.61,388.00
15:10:37: 16,1,1.53,388.00
15:10:37: 

15:10:38: CHANNEL,STATE,VOLTAGE,CURRENT
15:10:38: 1,1,1.37,968.00
15:10:38: 2,1,1.40,924.00
15:10:38: 3,1,1.37,324.00
15:10:38: 4,1,1.61,324.00
15:10:38: 5,1,1.55,700.00
15:10:38: 6,1,1.50,756.00
15:10:38: 7,1,1.60,892.00
15:10:38: 8,1,1.61,924.00
15:10:38: 9,1,1.51,448.00
15:10:38: 10,1,1.61,520.00
15:10:38: 11,1,1.60,552.00
15:10:38: 12,1,1.61,612.00
15:10:38: 13,1,1.37,356.00
15:10:38: 14,1,1.40,372.00
15:10:38: 15,1,1.37,356.00
15:10:38: 16,1,1.61,420.00
15:10:38: 

15:10:38: CHANNEL,STATE,VOLTAGE,CURRENT
15:10:38: 1,1,1.61,836.00
15:10:38: 2,1,1.61,968.00
15:10:38: 3,1,1.37,324.00
15:10:38: 4,1,1.40,352.00
15:10:38: 5,1,1.60,684.00
15:10:38: 6,1,1.55,788.00
15:10:38: 7,1,1.53,868.00
15:10:38: 8,1,1.61,968.00
15:10:38: 9,1,1.61,420.00
15:10:38: 10,1,1.40,548.00
15:10:38: 11,1,1.60,532.00
15:10:38: 12,1,1.55,636.00
15:10:38: 13,1,1.55,356.00
15:10:38: 14,1,1.61,372.00
15:10:38: 15,1,1.61,388.00
15:10:38: 16,1,1.61,408.00
15:10:38: 

15:10:39: CHANNEL,STATE,VOLTAGE,CURRENT
15:10:39: 1,1,1.61,968.00
15:10:39: 2,1,1.37,860.00
15:10:39: 3,1,1.61,356.00
15:10:39: 4,1,1.60,356.00
15:10:39: 5,1,1.61,700.00
15:10:39: 6,1,1.61,788.00
15:10:39: 7,1,1.61,880.00
15:10:39: 8,1,1.61,976.00
15:10:39: 9,1,1.61,420.00
15:10:39: 10,1,1.55,532.00
15:10:39: 11,1,1.40,532.00
15:10:39: 12,1,1.60,644.00
15:10:39: 13,1,1.40,356.00
15:10:39: 14,1,1.50,356.00
15:10:39: 15,1,1.50,388.00
15:10:39: 16,1,1.37,388.00
15:10:39: 

15:10:39: CHANNEL,STATE,VOLTAGE,CURRENT
15:10:39: 1,1,1.61,924.00
15:10:39: 2,1,1.55,924.00
15:10:39: 3,1,1.61,356.00
15:10:39: 4,1,1.55,356.00
15:10:39: 5,1,1.45,732.00
15:10:39: 6,1,1.55,776.00
15:10:39: 7,1,1.61,892.00
15:10:39: 8,1,1.37,924.00
15:10:39: 9,1,1.55,476.00
15:10:39: 10,1,1.45,492.00
15:10:39: 11,1,1.55,580.00
15:10:39: 12,1,1.60,580.00
15:10:39: 13,1,1.61,364.00
15:10:39: 14,1,1.47,324.00
15:10:39: 15,1,1.53,420.00
15:10:39: 16,1,1.55,372.00
15:10:39: 

15:10:39: CHANNEL,STATE,VOLTAGE,CURRENT
15:10:39: 1,1,1.50,968.00
15:10:39: 2,1,1.37,996.00
15:10:39: 3,1,1.40,356.00
15:10:39: 4,1,1.55,308.00
15:10:39: 5,1,1.61,732.00
15:10:39: 6,1,1.60,732.00
15:10:39: 7,1,1.40,924.00
15:10:39: 8,1,1.37,892.00
15:10:39: 9,1,1.51,492.00
15:10:39: 10,1,1.60,472.00
15:10:39: 11,1,1.61,612.00
15:10:39: 12,1,1.61,552.00
15:10:39: 13,1,1.55,372.00
15:10:39: 14,1,1.60,356.00
15:10:39: 15,1,1.55,388.00
15:10:39: 16,1,1.51,388.00
15:10:39: 

15:10:40: CHANNEL,STATE,VOLTAGE,CURRENT
15:10:40: 1,1,1.60,948.00
15:10:40: 2,1,1.61,956.00
15:10:40: 3,1,1.37,324.00
15:10:40: 4,1,1.61,356.00
15:10:40: 5,1,1.61,732.00
15:10:40: 6,1,1.61,732.00
15:10:40: 7,1,1.60,920.00
15:10:40: 8,1,1.50,892.00
15:10:40: 9,1,1.37,492.00
15:10:40: 10,1,1.55,476.00
15:10:40: 11,1,1.37,580.00
15:10:40: 12,1,1.53,576.00
15:10:40: 13,1,1.32,356.00
15:10:40: 14,1,1.40,372.00
15:10:40: 15,1,1.61,388.00
15:10:40: 16,1,1.61,420.00
15:10:40: 

15:10:40: CHANNEL,STATE,VOLTAGE,CURRENT
15:10:40: 1,1,1.50,952.00
15:10:40: 2,1,1.61,968.00
15:10:40: 3,1,1.53,324.00
15:10:40: 4,1,1.53,364.00
15:10:40: 5,1,1.60,700.00
15:10:40: 6,1,1.61,776.00
15:10:40: 7,1,1.61,892.00
15:10:40: 8,1,1.61,924.00
15:10:40: 9,1,1.60,452.00
15:10:40: 10,1,1.40,524.00
15:10:40: 11,1,1.50,548.00
15:10:40: 12,1,1.61,612.00
15:10:40: 13,1,1.55,356.00
15:10:40: 14,1,1.61,372.00
15:10:40: 15,1,1.55,388.00
15:10:40: 16,1,1.61,420.00
15:10:40: 

